The target system is: Generic - 1 - 
The host system is: Darwin - 19.0.0 - x86_64
Compiling the C compiler identification source file "CMakeCCompilerId.c" succeeded.
Compiler: /usr/local/bin/arm-none-eabi-gcc 
Build flags: 
Id flags: -c 

The output was:
0


Compilation of the C compiler identification source "CMakeCCompilerId.c" produced "CMakeCCompilerId.o"

The C compiler identification is GNU, found in "/Users/robotchef/Desktop/hardware/study/stm32/stm32f103ze/led/cmake-build-debug/CMakeFiles/3.15.3/CompilerIdC/CMakeCCompilerId.o"

Compiling the CXX compiler identification source file "CMakeCXXCompilerId.cpp" succeeded.
Compiler: /usr/local/bin/arm-none-eabi-g++ 
Build flags: 
Id flags: -c 

The output was:
0


Compilation of the CXX compiler identification source "CMakeCXXCompilerId.cpp" produced "CMakeCXXCompilerId.o"

The CXX compiler identification is GNU, found in "/Users/robotchef/Desktop/hardware/study/stm32/stm32f103ze/led/cmake-build-debug/CMakeFiles/3.15.3/CompilerIdCXX/CMakeCXXCompilerId.o"

Checking whether the ASM compiler is GNU using "--version" matched "(GNU assembler)|(GCC)|(Free Software Foundation)":
arm-none-eabi-gcc (GNU Tools for Arm Embedded Processors 8-2018-q4-major) 8.2.1 20181213 (release) [gcc-8-branch revision 267074]
Copyright (C) 2018 Free Software Foundation, Inc.
This is free software; see the source for copying conditions.  There is NO
warranty; not even for MERCHANTABILITY or FITNESS FOR A PARTICULAR PURPOSE.

Detecting C compiler ABI info compiled with the following output:
Change Dir: /Users/robotchef/Desktop/hardware/study/stm32/stm32f103ze/led/cmake-build-debug/CMakeFiles/CMakeTmp

Run Build Command(s):/usr/bin/make cmTC_91cdd/fast && /Applications/Xcode.app/Contents/Developer/usr/bin/make -f CMakeFiles/cmTC_91cdd.dir/build.make CMakeFiles/cmTC_91cdd.dir/build
Building C object CMakeFiles/cmTC_91cdd.dir/CMakeCCompilerABI.c.obj
/usr/local/bin/arm-none-eabi-gcc   -mcpu=cortex-m3  -mthumb -mthumb-interwork -ffunction-sections -fdata-sections     -g -fno-common -fmessage-length=0 -specs=nosys.specs -specs=nano.specs -std=gnu99    -v -o CMakeFiles/cmTC_91cdd.dir/CMakeCCompilerABI.c.obj   -c /Applications/CLion.app/Contents/bin/cmake/mac/share/cmake-3.15/Modules/CMakeCCompilerABI.c
Using built-in specs.
Reading specs from /usr/local/Cellar/arm-none-eabi-gcc/8-2018-q4-major/gcc/bin/../lib/gcc/arm-none-eabi/8.2.1/../../../../arm-none-eabi/lib/nosys.specs
rename spec link_gcc_c_sequence to nosys_link_gcc_c_sequence
Reading specs from /usr/local/Cellar/arm-none-eabi-gcc/8-2018-q4-major/gcc/bin/../lib/gcc/arm-none-eabi/8.2.1/../../../../arm-none-eabi/lib/nano.specs
rename spec link to nano_link
rename spec link_gcc_c_sequence to nano_link_gcc_c_sequence
rename spec cpp_unique_options to nano_cpp_unique_options
COLLECT_GCC=/usr/local/bin/arm-none-eabi-gcc
Target: arm-none-eabi
Configured with: /tmp/jenkins-GCC-8-build-toolchain-mac_cluster-128_20181216_1544945247/src/gcc/configure --target=arm-none-eabi --prefix=/tmp/jenkins-GCC-8-build-toolchain-mac_cluster-128_20181216_1544945247/install-native --libexecdir=/tmp/jenkins-GCC-8-build-toolchain-mac_cluster-128_20181216_1544945247/install-native/lib --infodir=/tmp/jenkins-GCC-8-build-toolchain-mac_cluster-128_20181216_1544945247/install-native/share/doc/gcc-arm-none-eabi/info --mandir=/tmp/jenkins-GCC-8-build-toolchain-mac_cluster-128_20181216_1544945247/install-native/share/doc/gcc-arm-none-eabi/man --htmldir=/tmp/jenkins-GCC-8-build-toolchain-mac_cluster-128_20181216_1544945247/install-native/share/doc/gcc-arm-none-eabi/html --pdfdir=/tmp/jenkins-GCC-8-build-toolchain-mac_cluster-128_20181216_1544945247/install-native/share/doc/gcc-arm-none-eabi/pdf --enable-languages=c,c++ --enable-plugins --disable-decimal-float --disable-libffi --disable-libgomp --disable-libmudflap --disable-libquadmath --disable-libssp --disable-libstdcxx-pch --disable-nls --disable-shared --disable-threads --disable-tls --with-gnu-as --with-gnu-ld --with-newlib --with-headers=yes --with-python-dir=share/gcc-arm-none-eabi --with-sysroot=/tmp/jenkins-GCC-8-build-toolchain-mac_cluster-128_20181216_1544945247/install-native/arm-none-eabi --build=x86_64-apple-darwin10 --host=x86_64-apple-darwin10 --with-gmp=/tmp/jenkins-GCC-8-build-toolchain-mac_cluster-128_20181216_1544945247/build-native/host-libs/usr --with-mpfr=/tmp/jenkins-GCC-8-build-toolchain-mac_cluster-128_20181216_1544945247/build-native/host-libs/usr --with-mpc=/tmp/jenkins-GCC-8-build-toolchain-mac_cluster-128_20181216_1544945247/build-native/host-libs/usr --with-isl=/tmp/jenkins-GCC-8-build-toolchain-mac_cluster-128_20181216_1544945247/build-native/host-libs/usr --with-libelf=/tmp/jenkins-GCC-8-build-toolchain-mac_cluster-128_20181216_1544945247/build-native/host-libs/usr --with-host-libstdcxx='-static-libgcc -Wl,-lstdc++ -lm' --with-pkgversion='GNU Tools for Arm Embedded Processors 8-2018-q4-major' --with-multilib-list=rmprofile
Thread model: single
gcc version 8.2.1 20181213 (release) [gcc-8-branch revision 267074] (GNU Tools for Arm Embedded Processors 8-2018-q4-major) 
COLLECT_GCC_OPTIONS='-mcpu=cortex-m3' '-mthumb' '-mthumb-interwork' '-ffunction-sections' '-fdata-sections' '-g' '-fno-common' '-fmessage-length=0' '-specs=nosys.specs' '-specs=nano.specs' '-std=gnu99' '-v' '-o' 'CMakeFiles/cmTC_91cdd.dir/CMakeCCompilerABI.c.obj' '-c' '-mfloat-abi=soft' '-march=armv7-m'
 /usr/local/Cellar/arm-none-eabi-gcc/8-2018-q4-major/gcc/bin/../lib/gcc/arm-none-eabi/8.2.1/cc1 -isystem =/include/newlib-nano -quiet -v -imultilib thumb/v7-m/nofp -iprefix /usr/local/Cellar/arm-none-eabi-gcc/8-2018-q4-major/gcc/bin/../lib/gcc/arm-none-eabi/8.2.1/ -isysroot /usr/local/Cellar/arm-none-eabi-gcc/8-2018-q4-major/gcc/bin/../arm-none-eabi -D__USES_INITFINI__ /Applications/CLion.app/Contents/bin/cmake/mac/share/cmake-3.15/Modules/CMakeCCompilerABI.c -quiet -dumpbase CMakeCCompilerABI.c -mcpu=cortex-m3 -mthumb -mthumb-interwork -mfloat-abi=soft -march=armv7-m -auxbase-strip CMakeFiles/cmTC_91cdd.dir/CMakeCCompilerABI.c.obj -g -std=gnu99 -version -ffunction-sections -fdata-sections -fno-common -fmessage-length=0 -o /var/folders/bt/k0nmbmms42dgbx279pxb0x500000gn/T//ccQGEiW1.s
GNU C99 (GNU Tools for Arm Embedded Processors 8-2018-q4-major) version 8.2.1 20181213 (release) [gcc-8-branch revision 267074] (arm-none-eabi)
	compiled by GNU C version 4.2.1 Compatible Apple LLVM 9.0.0 (clang-900.0.39.2), GMP version 6.1.0, MPFR version 3.1.4, MPC version 1.0.3, isl version isl-0.18-GMP

GGC heuristics: --param ggc-min-expand=100 --param ggc-min-heapsize=131072
ignoring duplicate directory "/usr/local/Cellar/arm-none-eabi-gcc/8-2018-q4-major/gcc/bin/../lib/gcc/../../lib/gcc/arm-none-eabi/8.2.1/include"
ignoring nonexistent directory "/usr/local/Cellar/arm-none-eabi-gcc/8-2018-q4-major/gcc/bin/../arm-none-eabi/usr/local/include"
ignoring duplicate directory "/usr/local/Cellar/arm-none-eabi-gcc/8-2018-q4-major/gcc/bin/../lib/gcc/../../lib/gcc/arm-none-eabi/8.2.1/include-fixed"
ignoring duplicate directory "/usr/local/Cellar/arm-none-eabi-gcc/8-2018-q4-major/gcc/bin/../lib/gcc/../../lib/gcc/arm-none-eabi/8.2.1/../../../../arm-none-eabi/include"
ignoring nonexistent directory "/usr/local/Cellar/arm-none-eabi-gcc/8-2018-q4-major/gcc/bin/../arm-none-eabi/usr/include"
#include "..." search starts here:
#include <...> search starts here:
 /usr/local/Cellar/arm-none-eabi-gcc/8-2018-q4-major/gcc/bin/../arm-none-eabi/include/newlib-nano
 /usr/local/Cellar/arm-none-eabi-gcc/8-2018-q4-major/gcc/bin/../lib/gcc/arm-none-eabi/8.2.1/include
 /usr/local/Cellar/arm-none-eabi-gcc/8-2018-q4-major/gcc/bin/../lib/gcc/arm-none-eabi/8.2.1/include-fixed
 /usr/local/Cellar/arm-none-eabi-gcc/8-2018-q4-major/gcc/bin/../lib/gcc/arm-none-eabi/8.2.1/../../../../arm-none-eabi/include
End of search list.
GNU C99 (GNU Tools for Arm Embedded Processors 8-2018-q4-major) version 8.2.1 20181213 (release) [gcc-8-branch revision 267074] (arm-none-eabi)
	compiled by GNU C version 4.2.1 Compatible Apple LLVM 9.0.0 (clang-900.0.39.2), GMP version 6.1.0, MPFR version 3.1.4, MPC version 1.0.3, isl version isl-0.18-GMP

GGC heuristics: --param ggc-min-expand=100 --param ggc-min-heapsize=131072
Compiler executable checksum: 5bd604b841dbeba51cc84725638a07d0
COLLECT_GCC_OPTIONS='-mcpu=cortex-m3' '-mthumb' '-mthumb-interwork' '-ffunction-sections' '-fdata-sections' '-g' '-fno-common' '-fmessage-length=0' '-specs=nosys.specs' '-specs=nano.specs' '-std=gnu99' '-v' '-o' 'CMakeFiles/cmTC_91cdd.dir/CMakeCCompilerABI.c.obj' '-c' '-mfloat-abi=soft' '-march=armv7-m'
 /usr/local/Cellar/arm-none-eabi-gcc/8-2018-q4-major/gcc/bin/../lib/gcc/arm-none-eabi/8.2.1/../../../../arm-none-eabi/bin/as -v -march=armv7-m -mthumb-interwork -mfloat-abi=soft -meabi=5 -o CMakeFiles/cmTC_91cdd.dir/CMakeCCompilerABI.c.obj /var/folders/bt/k0nmbmms42dgbx279pxb0x500000gn/T//ccQGEiW1.s
GNU assembler version 2.31.51 (arm-none-eabi) using BFD version (GNU Tools for Arm Embedded Processors 8-2018-q4-major) 2.31.51.20181213
COMPILER_PATH=/usr/local/Cellar/arm-none-eabi-gcc/8-2018-q4-major/gcc/bin/../lib/gcc/arm-none-eabi/8.2.1/:/usr/local/Cellar/arm-none-eabi-gcc/8-2018-q4-major/gcc/bin/../lib/gcc/:/usr/local/Cellar/arm-none-eabi-gcc/8-2018-q4-major/gcc/bin/../lib/gcc/arm-none-eabi/8.2.1/../../../../arm-none-eabi/bin/
LIBRARY_PATH=/usr/local/Cellar/arm-none-eabi-gcc/8-2018-q4-major/gcc/bin/../lib/gcc/arm-none-eabi/8.2.1/thumb/v7-m/nofp/:/usr/local/Cellar/arm-none-eabi-gcc/8-2018-q4-major/gcc/bin/../lib/gcc/arm-none-eabi/8.2.1/../../../../arm-none-eabi/lib/thumb/v7-m/nofp/:/usr/local/Cellar/arm-none-eabi-gcc/8-2018-q4-major/gcc/bin/../arm-none-eabi/lib/thumb/v7-m/nofp/:/usr/local/Cellar/arm-none-eabi-gcc/8-2018-q4-major/gcc/bin/../lib/gcc/arm-none-eabi/8.2.1/:/usr/local/Cellar/arm-none-eabi-gcc/8-2018-q4-major/gcc/bin/../lib/gcc/:/usr/local/Cellar/arm-none-eabi-gcc/8-2018-q4-major/gcc/bin/../lib/gcc/arm-none-eabi/8.2.1/../../../../arm-none-eabi/lib/:/usr/local/Cellar/arm-none-eabi-gcc/8-2018-q4-major/gcc/bin/../arm-none-eabi/lib/
COLLECT_GCC_OPTIONS='-mcpu=cortex-m3' '-mthumb' '-mthumb-interwork' '-ffunction-sections' '-fdata-sections' '-g' '-fno-common' '-fmessage-length=0' '-specs=nosys.specs' '-specs=nano.specs' '-std=gnu99' '-v' '-o' 'CMakeFiles/cmTC_91cdd.dir/CMakeCCompilerABI.c.obj' '-c' '-mfloat-abi=soft' '-march=armv7-m'
Linking C executable cmTC_91cdd
/Applications/CLion.app/Contents/bin/cmake/mac/bin/cmake -E cmake_link_script CMakeFiles/cmTC_91cdd.dir/link.txt --verbose=1
/usr/local/bin/arm-none-eabi-gcc -mcpu=cortex-m3  -mthumb -mthumb-interwork -ffunction-sections -fdata-sections     -g -fno-common -fmessage-length=0 -specs=nosys.specs -specs=nano.specs -std=gnu99   -Wl,-gc-sections,--print-memory-usage -T /Users/robotchef/Desktop/hardware/study/stm32/stm32f103ze/led/STM32F103ZETx_FLASH.ld -v CMakeFiles/cmTC_91cdd.dir/CMakeCCompilerABI.c.obj  -o cmTC_91cdd 
Using built-in specs.
Reading specs from /usr/local/Cellar/arm-none-eabi-gcc/8-2018-q4-major/gcc/bin/../lib/gcc/arm-none-eabi/8.2.1/../../../../arm-none-eabi/lib/nosys.specs
rename spec link_gcc_c_sequence to nosys_link_gcc_c_sequence
Reading specs from /usr/local/Cellar/arm-none-eabi-gcc/8-2018-q4-major/gcc/bin/../lib/gcc/arm-none-eabi/8.2.1/../../../../arm-none-eabi/lib/nano.specs
rename spec link to nano_link
rename spec link_gcc_c_sequence to nano_link_gcc_c_sequence
rename spec cpp_unique_options to nano_cpp_unique_options
COLLECT_GCC=/usr/local/bin/arm-none-eabi-gcc
COLLECT_LTO_WRAPPER=/usr/local/Cellar/arm-none-eabi-gcc/8-2018-q4-major/gcc/bin/../lib/gcc/arm-none-eabi/8.2.1/lto-wrapper
Target: arm-none-eabi
Configured with: /tmp/jenkins-GCC-8-build-toolchain-mac_cluster-128_20181216_1544945247/src/gcc/configure --target=arm-none-eabi --prefix=/tmp/jenkins-GCC-8-build-toolchain-mac_cluster-128_20181216_1544945247/install-native --libexecdir=/tmp/jenkins-GCC-8-build-toolchain-mac_cluster-128_20181216_1544945247/install-native/lib --infodir=/tmp/jenkins-GCC-8-build-toolchain-mac_cluster-128_20181216_1544945247/install-native/share/doc/gcc-arm-none-eabi/info --mandir=/tmp/jenkins-GCC-8-build-toolchain-mac_cluster-128_20181216_1544945247/install-native/share/doc/gcc-arm-none-eabi/man --htmldir=/tmp/jenkins-GCC-8-build-toolchain-mac_cluster-128_20181216_1544945247/install-native/share/doc/gcc-arm-none-eabi/html --pdfdir=/tmp/jenkins-GCC-8-build-toolchain-mac_cluster-128_20181216_1544945247/install-native/share/doc/gcc-arm-none-eabi/pdf --enable-languages=c,c++ --enable-plugins --disable-decimal-float --disable-libffi --disable-libgomp --disable-libmudflap --disable-libquadmath --disable-libssp --disable-libstdcxx-pch --disable-nls --disable-shared --disable-threads --disable-tls --with-gnu-as --with-gnu-ld --with-newlib --with-headers=yes --with-python-dir=share/gcc-arm-none-eabi --with-sysroot=/tmp/jenkins-GCC-8-build-toolchain-mac_cluster-128_20181216_1544945247/install-native/arm-none-eabi --build=x86_64-apple-darwin10 --host=x86_64-apple-darwin10 --with-gmp=/tmp/jenkins-GCC-8-build-toolchain-mac_cluster-128_20181216_1544945247/build-native/host-libs/usr --with-mpfr=/tmp/jenkins-GCC-8-build-toolchain-mac_cluster-128_20181216_1544945247/build-native/host-libs/usr --with-mpc=/tmp/jenkins-GCC-8-build-toolchain-mac_cluster-128_20181216_1544945247/build-native/host-libs/usr --with-isl=/tmp/jenkins-GCC-8-build-toolchain-mac_cluster-128_20181216_1544945247/build-native/host-libs/usr --with-libelf=/tmp/jenkins-GCC-8-build-toolchain-mac_cluster-128_20181216_1544945247/build-native/host-libs/usr --with-host-libstdcxx='-static-libgcc -Wl,-lstdc++ -lm' --with-pkgversion='GNU Tools for Arm Embedded Processors 8-2018-q4-major' --with-multilib-list=rmprofile
Thread model: single
gcc version 8.2.1 20181213 (release) [gcc-8-branch revision 267074] (GNU Tools for Arm Embedded Processors 8-2018-q4-major) 
COMPILER_PATH=/usr/local/Cellar/arm-none-eabi-gcc/8-2018-q4-major/gcc/bin/../lib/gcc/arm-none-eabi/8.2.1/:/usr/local/Cellar/arm-none-eabi-gcc/8-2018-q4-major/gcc/bin/../lib/gcc/:/usr/local/Cellar/arm-none-eabi-gcc/8-2018-q4-major/gcc/bin/../lib/gcc/arm-none-eabi/8.2.1/../../../../arm-none-eabi/bin/
LIBRARY_PATH=/usr/local/Cellar/arm-none-eabi-gcc/8-2018-q4-major/gcc/bin/../lib/gcc/arm-none-eabi/8.2.1/thumb/v7-m/nofp/:/usr/local/Cellar/arm-none-eabi-gcc/8-2018-q4-major/gcc/bin/../lib/gcc/arm-none-eabi/8.2.1/../../../../arm-none-eabi/lib/thumb/v7-m/nofp/:/usr/local/Cellar/arm-none-eabi-gcc/8-2018-q4-major/gcc/bin/../arm-none-eabi/lib/thumb/v7-m/nofp/:/usr/local/Cellar/arm-none-eabi-gcc/8-2018-q4-major/gcc/bin/../lib/gcc/arm-none-eabi/8.2.1/:/usr/local/Cellar/arm-none-eabi-gcc/8-2018-q4-major/gcc/bin/../lib/gcc/:/usr/local/Cellar/arm-none-eabi-gcc/8-2018-q4-major/gcc/bin/../lib/gcc/arm-none-eabi/8.2.1/../../../../arm-none-eabi/lib/:/usr/local/Cellar/arm-none-eabi-gcc/8-2018-q4-major/gcc/bin/../arm-none-eabi/lib/
COLLECT_GCC_OPTIONS='-mcpu=cortex-m3' '-mthumb' '-mthumb-interwork' '-ffunction-sections' '-fdata-sections' '-g' '-fno-common' '-fmessage-length=0' '-specs=nosys.specs' '-specs=nano.specs' '-std=gnu99' '-T' '/Users/robotchef/Desktop/hardware/study/stm32/stm32f103ze/led/STM32F103ZETx_FLASH.ld' '-v' '-o' 'cmTC_91cdd' '-mfloat-abi=soft' '-march=armv7-m'
 /usr/local/Cellar/arm-none-eabi-gcc/8-2018-q4-major/gcc/bin/../lib/gcc/arm-none-eabi/8.2.1/collect2 -plugin /usr/local/Cellar/arm-none-eabi-gcc/8-2018-q4-major/gcc/bin/../lib/gcc/arm-none-eabi/8.2.1/liblto_plugin.so -plugin-opt=/usr/local/Cellar/arm-none-eabi-gcc/8-2018-q4-major/gcc/bin/../lib/gcc/arm-none-eabi/8.2.1/lto-wrapper -plugin-opt=-fresolution=/var/folders/bt/k0nmbmms42dgbx279pxb0x500000gn/T//ccJLLwNU.res -plugin-opt=-pass-through=-lgcc -plugin-opt=-pass-through=-lg_nano -plugin-opt=-pass-through=-lc_nano -plugin-opt=-pass-through=-lgcc -plugin-opt=-pass-through=-lc_nano -plugin-opt=-pass-through=-lnosys -plugin-opt=-pass-through=-lgcc -plugin-opt=-pass-through=-lc_nano -plugin-opt=-pass-through=-lnosys --sysroot=/usr/local/Cellar/arm-none-eabi-gcc/8-2018-q4-major/gcc/bin/../arm-none-eabi -X -o cmTC_91cdd /usr/local/Cellar/arm-none-eabi-gcc/8-2018-q4-major/gcc/bin/../lib/gcc/arm-none-eabi/8.2.1/thumb/v7-m/nofp/crti.o /usr/local/Cellar/arm-none-eabi-gcc/8-2018-q4-major/gcc/bin/../lib/gcc/arm-none-eabi/8.2.1/thumb/v7-m/nofp/crtbegin.o /usr/local/Cellar/arm-none-eabi-gcc/8-2018-q4-major/gcc/bin/../lib/gcc/arm-none-eabi/8.2.1/../../../../arm-none-eabi/lib/thumb/v7-m/nofp/crt0.o -L/usr/local/Cellar/arm-none-eabi-gcc/8-2018-q4-major/gcc/bin/../lib/gcc/arm-none-eabi/8.2.1/thumb/v7-m/nofp -L/usr/local/Cellar/arm-none-eabi-gcc/8-2018-q4-major/gcc/bin/../lib/gcc/arm-none-eabi/8.2.1/../../../../arm-none-eabi/lib/thumb/v7-m/nofp -L/usr/local/Cellar/arm-none-eabi-gcc/8-2018-q4-major/gcc/bin/../arm-none-eabi/lib/thumb/v7-m/nofp -L/usr/local/Cellar/arm-none-eabi-gcc/8-2018-q4-major/gcc/bin/../lib/gcc/arm-none-eabi/8.2.1 -L/usr/local/Cellar/arm-none-eabi-gcc/8-2018-q4-major/gcc/bin/../lib/gcc -L/usr/local/Cellar/arm-none-eabi-gcc/8-2018-q4-major/gcc/bin/../lib/gcc/arm-none-eabi/8.2.1/../../../../arm-none-eabi/lib -L/usr/local/Cellar/arm-none-eabi-gcc/8-2018-q4-major/gcc/bin/../arm-none-eabi/lib -gc-sections --print-memory-usage CMakeFiles/cmTC_91cdd.dir/CMakeCCompilerABI.c.obj --start-group -lgcc -lg_nano -lc_nano --end-group --start-group -lgcc -lc_nano -lnosys --end-group --start-group -lgcc -lc_nano -lnosys --end-group /usr/local/Cellar/arm-none-eabi-gcc/8-2018-q4-major/gcc/bin/../lib/gcc/arm-none-eabi/8.2.1/thumb/v7-m/nofp/crtend.o /usr/local/Cellar/arm-none-eabi-gcc/8-2018-q4-major/gcc/bin/../lib/gcc/arm-none-eabi/8.2.1/thumb/v7-m/nofp/crtn.o -T /Users/robotchef/Desktop/hardware/study/stm32/stm32f103ze/led/STM32F103ZETx_FLASH.ld
Memory region         Used Size  Region Size  %age Used
             RAM:        1568 B        64 KB      2.39%
           FLASH:          96 B       512 KB      0.02/usr/local/Cellar/arm-none-eabi-gcc/8-2018-q4-major/gcc/bin/../lib/gcc/arm-none-eabi/8.2.1/../../../../arm-none-eabi/bin/ld: warning: cannot find entry symbol Reset_Handler; defaulting to 0000000008000000
%
COLLECT_GCC_OPTIONS='-mcpu=cortex-m3' '-mthumb' '-mthumb-interwork' '-ffunction-sections' '-fdata-sections' '-g' '-fno-common' '-fmessage-length=0' '-specs=nosys.specs' '-specs=nano.specs' '-std=gnu99' '-T' '/Users/robotchef/Desktop/hardware/study/stm32/stm32f103ze/led/STM32F103ZETx_FLASH.ld' '-v' '-o' 'cmTC_91cdd' '-mfloat-abi=soft' '-march=armv7-m'



Parsed C implicit include dir info from above output: rv=done
  found start of include info
  found start of implicit include info
    add: [/usr/local/Cellar/arm-none-eabi-gcc/8-2018-q4-major/gcc/bin/../arm-none-eabi/include/newlib-nano]
    add: [/usr/local/Cellar/arm-none-eabi-gcc/8-2018-q4-major/gcc/bin/../lib/gcc/arm-none-eabi/8.2.1/include]
    add: [/usr/local/Cellar/arm-none-eabi-gcc/8-2018-q4-major/gcc/bin/../lib/gcc/arm-none-eabi/8.2.1/include-fixed]
    add: [/usr/local/Cellar/arm-none-eabi-gcc/8-2018-q4-major/gcc/bin/../lib/gcc/arm-none-eabi/8.2.1/../../../../arm-none-eabi/include]
  end of search list found
  collapse include dir [/usr/local/Cellar/arm-none-eabi-gcc/8-2018-q4-major/gcc/bin/../arm-none-eabi/include/newlib-nano] ==> [/usr/local/Cellar/arm-none-eabi-gcc/8-2018-q4-major/gcc/arm-none-eabi/include/newlib-nano]
  collapse include dir [/usr/local/Cellar/arm-none-eabi-gcc/8-2018-q4-major/gcc/bin/../lib/gcc/arm-none-eabi/8.2.1/include] ==> [/usr/local/Cellar/arm-none-eabi-gcc/8-2018-q4-major/gcc/lib/gcc/arm-none-eabi/8.2.1/include]
  collapse include dir [/usr/local/Cellar/arm-none-eabi-gcc/8-2018-q4-major/gcc/bin/../lib/gcc/arm-none-eabi/8.2.1/include-fixed] ==> [/usr/local/Cellar/arm-none-eabi-gcc/8-2018-q4-major/gcc/lib/gcc/arm-none-eabi/8.2.1/include-fixed]
  collapse include dir [/usr/local/Cellar/arm-none-eabi-gcc/8-2018-q4-major/gcc/bin/../lib/gcc/arm-none-eabi/8.2.1/../../../../arm-none-eabi/include] ==> [/usr/local/Cellar/arm-none-eabi-gcc/8-2018-q4-major/gcc/arm-none-eabi/include]
  implicit include dirs: [/usr/local/Cellar/arm-none-eabi-gcc/8-2018-q4-major/gcc/arm-none-eabi/include/newlib-nano;/usr/local/Cellar/arm-none-eabi-gcc/8-2018-q4-major/gcc/lib/gcc/arm-none-eabi/8.2.1/include;/usr/local/Cellar/arm-none-eabi-gcc/8-2018-q4-major/gcc/lib/gcc/arm-none-eabi/8.2.1/include-fixed;/usr/local/Cellar/arm-none-eabi-gcc/8-2018-q4-major/gcc/arm-none-eabi/include]


Parsed C implicit link information from above output:
  link line regex: [^( *|.*[/\])(arm-none-eabi-ld|CMAKE_LINK_STARTFILE-NOTFOUND|([^/\]+-)?ld|collect2)[^/\]*( |$)]
  ignore line: [Change Dir: /Users/robotchef/Desktop/hardware/study/stm32/stm32f103ze/led/cmake-build-debug/CMakeFiles/CMakeTmp]
  ignore line: []
  ignore line: [Run Build Command(s):/usr/bin/make cmTC_91cdd/fast && /Applications/Xcode.app/Contents/Developer/usr/bin/make -f CMakeFiles/cmTC_91cdd.dir/build.make CMakeFiles/cmTC_91cdd.dir/build]
  ignore line: [Building C object CMakeFiles/cmTC_91cdd.dir/CMakeCCompilerABI.c.obj]
  ignore line: [/usr/local/bin/arm-none-eabi-gcc   -mcpu=cortex-m3  -mthumb -mthumb-interwork -ffunction-sections -fdata-sections     -g -fno-common -fmessage-length=0 -specs=nosys.specs -specs=nano.specs -std=gnu99    -v -o CMakeFiles/cmTC_91cdd.dir/CMakeCCompilerABI.c.obj   -c /Applications/CLion.app/Contents/bin/cmake/mac/share/cmake-3.15/Modules/CMakeCCompilerABI.c]
  ignore line: [Using built-in specs.]
  ignore line: [Reading specs from /usr/local/Cellar/arm-none-eabi-gcc/8-2018-q4-major/gcc/bin/../lib/gcc/arm-none-eabi/8.2.1/../../../../arm-none-eabi/lib/nosys.specs]
  ignore line: [rename spec link_gcc_c_sequence to nosys_link_gcc_c_sequence]
  ignore line: [Reading specs from /usr/local/Cellar/arm-none-eabi-gcc/8-2018-q4-major/gcc/bin/../lib/gcc/arm-none-eabi/8.2.1/../../../../arm-none-eabi/lib/nano.specs]
  ignore line: [rename spec link to nano_link]
  ignore line: [rename spec link_gcc_c_sequence to nano_link_gcc_c_sequence]
  ignore line: [rename spec cpp_unique_options to nano_cpp_unique_options]
  ignore line: [COLLECT_GCC=/usr/local/bin/arm-none-eabi-gcc]
  ignore line: [Target: arm-none-eabi]
  ignore line: [Configured with: /tmp/jenkins-GCC-8-build-toolchain-mac_cluster-128_20181216_1544945247/src/gcc/configure --target=arm-none-eabi --prefix=/tmp/jenkins-GCC-8-build-toolchain-mac_cluster-128_20181216_1544945247/install-native --libexecdir=/tmp/jenkins-GCC-8-build-toolchain-mac_cluster-128_20181216_1544945247/install-native/lib --infodir=/tmp/jenkins-GCC-8-build-toolchain-mac_cluster-128_20181216_1544945247/install-native/share/doc/gcc-arm-none-eabi/info --mandir=/tmp/jenkins-GCC-8-build-toolchain-mac_cluster-128_20181216_1544945247/install-native/share/doc/gcc-arm-none-eabi/man --htmldir=/tmp/jenkins-GCC-8-build-toolchain-mac_cluster-128_20181216_1544945247/install-native/share/doc/gcc-arm-none-eabi/html --pdfdir=/tmp/jenkins-GCC-8-build-toolchain-mac_cluster-128_20181216_1544945247/install-native/share/doc/gcc-arm-none-eabi/pdf --enable-languages=c,c++ --enable-plugins --disable-decimal-float --disable-libffi --disable-libgomp --disable-libmudflap --disable-libquadmath --disable-libssp --disable-libstdcxx-pch --disable-nls --disable-shared --disable-threads --disable-tls --with-gnu-as --with-gnu-ld --with-newlib --with-headers=yes --with-python-dir=share/gcc-arm-none-eabi --with-sysroot=/tmp/jenkins-GCC-8-build-toolchain-mac_cluster-128_20181216_1544945247/install-native/arm-none-eabi --build=x86_64-apple-darwin10 --host=x86_64-apple-darwin10 --with-gmp=/tmp/jenkins-GCC-8-build-toolchain-mac_cluster-128_20181216_1544945247/build-native/host-libs/usr --with-mpfr=/tmp/jenkins-GCC-8-build-toolchain-mac_cluster-128_20181216_1544945247/build-native/host-libs/usr --with-mpc=/tmp/jenkins-GCC-8-build-toolchain-mac_cluster-128_20181216_1544945247/build-native/host-libs/usr --with-isl=/tmp/jenkins-GCC-8-build-toolchain-mac_cluster-128_20181216_1544945247/build-native/host-libs/usr --with-libelf=/tmp/jenkins-GCC-8-build-toolchain-mac_cluster-128_20181216_1544945247/build-native/host-libs/usr --with-host-libstdcxx='-static-libgcc -Wl,-lstdc++ -lm' --with-pkgversion='GNU Tools for Arm Embedded Processors 8-2018-q4-major' --with-multilib-list=rmprofile]
  ignore line: [Thread model: single]
  ignore line: [gcc version 8.2.1 20181213 (release) [gcc-8-branch revision 267074] (GNU Tools for Arm Embedded Processors 8-2018-q4-major) ]
  ignore line: [COLLECT_GCC_OPTIONS='-mcpu=cortex-m3' '-mthumb' '-mthumb-interwork' '-ffunction-sections' '-fdata-sections' '-g' '-fno-common' '-fmessage-length=0' '-specs=nosys.specs' '-specs=nano.specs' '-std=gnu99' '-v' '-o' 'CMakeFiles/cmTC_91cdd.dir/CMakeCCompilerABI.c.obj' '-c' '-mfloat-abi=soft' '-march=armv7-m']
  ignore line: [ /usr/local/Cellar/arm-none-eabi-gcc/8-2018-q4-major/gcc/bin/../lib/gcc/arm-none-eabi/8.2.1/cc1 -isystem =/include/newlib-nano -quiet -v -imultilib thumb/v7-m/nofp -iprefix /usr/local/Cellar/arm-none-eabi-gcc/8-2018-q4-major/gcc/bin/../lib/gcc/arm-none-eabi/8.2.1/ -isysroot /usr/local/Cellar/arm-none-eabi-gcc/8-2018-q4-major/gcc/bin/../arm-none-eabi -D__USES_INITFINI__ /Applications/CLion.app/Contents/bin/cmake/mac/share/cmake-3.15/Modules/CMakeCCompilerABI.c -quiet -dumpbase CMakeCCompilerABI.c -mcpu=cortex-m3 -mthumb -mthumb-interwork -mfloat-abi=soft -march=armv7-m -auxbase-strip CMakeFiles/cmTC_91cdd.dir/CMakeCCompilerABI.c.obj -g -std=gnu99 -version -ffunction-sections -fdata-sections -fno-common -fmessage-length=0 -o /var/folders/bt/k0nmbmms42dgbx279pxb0x500000gn/T//ccQGEiW1.s]
  ignore line: [GNU C99 (GNU Tools for Arm Embedded Processors 8-2018-q4-major) version 8.2.1 20181213 (release) [gcc-8-branch revision 267074] (arm-none-eabi)]
  ignore line: [	compiled by GNU C version 4.2.1 Compatible Apple LLVM 9.0.0 (clang-900.0.39.2), GMP version 6.1.0, MPFR version 3.1.4, MPC version 1.0.3, isl version isl-0.18-GMP]
  ignore line: []
  ignore line: [GGC heuristics: --param ggc-min-expand=100 --param ggc-min-heapsize=131072]
  ignore line: [ignoring duplicate directory "/usr/local/Cellar/arm-none-eabi-gcc/8-2018-q4-major/gcc/bin/../lib/gcc/../../lib/gcc/arm-none-eabi/8.2.1/include"]
  ignore line: [ignoring nonexistent directory "/usr/local/Cellar/arm-none-eabi-gcc/8-2018-q4-major/gcc/bin/../arm-none-eabi/usr/local/include"]
  ignore line: [ignoring duplicate directory "/usr/local/Cellar/arm-none-eabi-gcc/8-2018-q4-major/gcc/bin/../lib/gcc/../../lib/gcc/arm-none-eabi/8.2.1/include-fixed"]
  ignore line: [ignoring duplicate directory "/usr/local/Cellar/arm-none-eabi-gcc/8-2018-q4-major/gcc/bin/../lib/gcc/../../lib/gcc/arm-none-eabi/8.2.1/../../../../arm-none-eabi/include"]
  ignore line: [ignoring nonexistent directory "/usr/local/Cellar/arm-none-eabi-gcc/8-2018-q4-major/gcc/bin/../arm-none-eabi/usr/include"]
  ignore line: [#include "..." search starts here:]
  ignore line: [#include <...> search starts here:]
  ignore line: [ /usr/local/Cellar/arm-none-eabi-gcc/8-2018-q4-major/gcc/bin/../arm-none-eabi/include/newlib-nano]
  ignore line: [ /usr/local/Cellar/arm-none-eabi-gcc/8-2018-q4-major/gcc/bin/../lib/gcc/arm-none-eabi/8.2.1/include]
  ignore line: [ /usr/local/Cellar/arm-none-eabi-gcc/8-2018-q4-major/gcc/bin/../lib/gcc/arm-none-eabi/8.2.1/include-fixed]
  ignore line: [ /usr/local/Cellar/arm-none-eabi-gcc/8-2018-q4-major/gcc/bin/../lib/gcc/arm-none-eabi/8.2.1/../../../../arm-none-eabi/include]
  ignore line: [End of search list.]
  ignore line: [GNU C99 (GNU Tools for Arm Embedded Processors 8-2018-q4-major) version 8.2.1 20181213 (release) [gcc-8-branch revision 267074] (arm-none-eabi)]
  ignore line: [	compiled by GNU C version 4.2.1 Compatible Apple LLVM 9.0.0 (clang-900.0.39.2), GMP version 6.1.0, MPFR version 3.1.4, MPC version 1.0.3, isl version isl-0.18-GMP]
  ignore line: []
  ignore line: [GGC heuristics: --param ggc-min-expand=100 --param ggc-min-heapsize=131072]
  ignore line: [Compiler executable checksum: 5bd604b841dbeba51cc84725638a07d0]
  ignore line: [COLLECT_GCC_OPTIONS='-mcpu=cortex-m3' '-mthumb' '-mthumb-interwork' '-ffunction-sections' '-fdata-sections' '-g' '-fno-common' '-fmessage-length=0' '-specs=nosys.specs' '-specs=nano.specs' '-std=gnu99' '-v' '-o' 'CMakeFiles/cmTC_91cdd.dir/CMakeCCompilerABI.c.obj' '-c' '-mfloat-abi=soft' '-march=armv7-m']
  ignore line: [ /usr/local/Cellar/arm-none-eabi-gcc/8-2018-q4-major/gcc/bin/../lib/gcc/arm-none-eabi/8.2.1/../../../../arm-none-eabi/bin/as -v -march=armv7-m -mthumb-interwork -mfloat-abi=soft -meabi=5 -o CMakeFiles/cmTC_91cdd.dir/CMakeCCompilerABI.c.obj /var/folders/bt/k0nmbmms42dgbx279pxb0x500000gn/T//ccQGEiW1.s]
  ignore line: [GNU assembler version 2.31.51 (arm-none-eabi) using BFD version (GNU Tools for Arm Embedded Processors 8-2018-q4-major) 2.31.51.20181213]
  ignore line: [COMPILER_PATH=/usr/local/Cellar/arm-none-eabi-gcc/8-2018-q4-major/gcc/bin/../lib/gcc/arm-none-eabi/8.2.1/:/usr/local/Cellar/arm-none-eabi-gcc/8-2018-q4-major/gcc/bin/../lib/gcc/:/usr/local/Cellar/arm-none-eabi-gcc/8-2018-q4-major/gcc/bin/../lib/gcc/arm-none-eabi/8.2.1/../../../../arm-none-eabi/bin/]
  ignore line: [LIBRARY_PATH=/usr/local/Cellar/arm-none-eabi-gcc/8-2018-q4-major/gcc/bin/../lib/gcc/arm-none-eabi/8.2.1/thumb/v7-m/nofp/:/usr/local/Cellar/arm-none-eabi-gcc/8-2018-q4-major/gcc/bin/../lib/gcc/arm-none-eabi/8.2.1/../../../../arm-none-eabi/lib/thumb/v7-m/nofp/:/usr/local/Cellar/arm-none-eabi-gcc/8-2018-q4-major/gcc/bin/../arm-none-eabi/lib/thumb/v7-m/nofp/:/usr/local/Cellar/arm-none-eabi-gcc/8-2018-q4-major/gcc/bin/../lib/gcc/arm-none-eabi/8.2.1/:/usr/local/Cellar/arm-none-eabi-gcc/8-2018-q4-major/gcc/bin/../lib/gcc/:/usr/local/Cellar/arm-none-eabi-gcc/8-2018-q4-major/gcc/bin/../lib/gcc/arm-none-eabi/8.2.1/../../../../arm-none-eabi/lib/:/usr/local/Cellar/arm-none-eabi-gcc/8-2018-q4-major/gcc/bin/../arm-none-eabi/lib/]
  ignore line: [COLLECT_GCC_OPTIONS='-mcpu=cortex-m3' '-mthumb' '-mthumb-interwork' '-ffunction-sections' '-fdata-sections' '-g' '-fno-common' '-fmessage-length=0' '-specs=nosys.specs' '-specs=nano.specs' '-std=gnu99' '-v' '-o' 'CMakeFiles/cmTC_91cdd.dir/CMakeCCompilerABI.c.obj' '-c' '-mfloat-abi=soft' '-march=armv7-m']
  ignore line: [Linking C executable cmTC_91cdd]
  ignore line: [/Applications/CLion.app/Contents/bin/cmake/mac/bin/cmake -E cmake_link_script CMakeFiles/cmTC_91cdd.dir/link.txt --verbose=1]
  ignore line: [/usr/local/bin/arm-none-eabi-gcc -mcpu=cortex-m3  -mthumb -mthumb-interwork -ffunction-sections -fdata-sections     -g -fno-common -fmessage-length=0 -specs=nosys.specs -specs=nano.specs -std=gnu99   -Wl,-gc-sections,--print-memory-usage -T /Users/robotchef/Desktop/hardware/study/stm32/stm32f103ze/led/STM32F103ZETx_FLASH.ld -v CMakeFiles/cmTC_91cdd.dir/CMakeCCompilerABI.c.obj  -o cmTC_91cdd ]
  ignore line: [Using built-in specs.]
  ignore line: [Reading specs from /usr/local/Cellar/arm-none-eabi-gcc/8-2018-q4-major/gcc/bin/../lib/gcc/arm-none-eabi/8.2.1/../../../../arm-none-eabi/lib/nosys.specs]
  ignore line: [rename spec link_gcc_c_sequence to nosys_link_gcc_c_sequence]
  ignore line: [Reading specs from /usr/local/Cellar/arm-none-eabi-gcc/8-2018-q4-major/gcc/bin/../lib/gcc/arm-none-eabi/8.2.1/../../../../arm-none-eabi/lib/nano.specs]
  ignore line: [rename spec link to nano_link]
  ignore line: [rename spec link_gcc_c_sequence to nano_link_gcc_c_sequence]
  ignore line: [rename spec cpp_unique_options to nano_cpp_unique_options]
  ignore line: [COLLECT_GCC=/usr/local/bin/arm-none-eabi-gcc]
  ignore line: [COLLECT_LTO_WRAPPER=/usr/local/Cellar/arm-none-eabi-gcc/8-2018-q4-major/gcc/bin/../lib/gcc/arm-none-eabi/8.2.1/lto-wrapper]
  ignore line: [Target: arm-none-eabi]
  ignore line: [Configured with: /tmp/jenkins-GCC-8-build-toolchain-mac_cluster-128_20181216_1544945247/src/gcc/configure --target=arm-none-eabi --prefix=/tmp/jenkins-GCC-8-build-toolchain-mac_cluster-128_20181216_1544945247/install-native --libexecdir=/tmp/jenkins-GCC-8-build-toolchain-mac_cluster-128_20181216_1544945247/install-native/lib --infodir=/tmp/jenkins-GCC-8-build-toolchain-mac_cluster-128_20181216_1544945247/install-native/share/doc/gcc-arm-none-eabi/info --mandir=/tmp/jenkins-GCC-8-build-toolchain-mac_cluster-128_20181216_1544945247/install-native/share/doc/gcc-arm-none-eabi/man --htmldir=/tmp/jenkins-GCC-8-build-toolchain-mac_cluster-128_20181216_1544945247/install-native/share/doc/gcc-arm-none-eabi/html --pdfdir=/tmp/jenkins-GCC-8-build-toolchain-mac_cluster-128_20181216_1544945247/install-native/share/doc/gcc-arm-none-eabi/pdf --enable-languages=c,c++ --enable-plugins --disable-decimal-float --disable-libffi --disable-libgomp --disable-libmudflap --disable-libquadmath --disable-libssp --disable-libstdcxx-pch --disable-nls --disable-shared --disable-threads --disable-tls --with-gnu-as --with-gnu-ld --with-newlib --with-headers=yes --with-python-dir=share/gcc-arm-none-eabi --with-sysroot=/tmp/jenkins-GCC-8-build-toolchain-mac_cluster-128_20181216_1544945247/install-native/arm-none-eabi --build=x86_64-apple-darwin10 --host=x86_64-apple-darwin10 --with-gmp=/tmp/jenkins-GCC-8-build-toolchain-mac_cluster-128_20181216_1544945247/build-native/host-libs/usr --with-mpfr=/tmp/jenkins-GCC-8-build-toolchain-mac_cluster-128_20181216_1544945247/build-native/host-libs/usr --with-mpc=/tmp/jenkins-GCC-8-build-toolchain-mac_cluster-128_20181216_1544945247/build-native/host-libs/usr --with-isl=/tmp/jenkins-GCC-8-build-toolchain-mac_cluster-128_20181216_1544945247/build-native/host-libs/usr --with-libelf=/tmp/jenkins-GCC-8-build-toolchain-mac_cluster-128_20181216_1544945247/build-native/host-libs/usr --with-host-libstdcxx='-static-libgcc -Wl,-lstdc++ -lm' --with-pkgversion='GNU Tools for Arm Embedded Processors 8-2018-q4-major' --with-multilib-list=rmprofile]
  ignore line: [Thread model: single]
  ignore line: [gcc version 8.2.1 20181213 (release) [gcc-8-branch revision 267074] (GNU Tools for Arm Embedded Processors 8-2018-q4-major) ]
  ignore line: [COMPILER_PATH=/usr/local/Cellar/arm-none-eabi-gcc/8-2018-q4-major/gcc/bin/../lib/gcc/arm-none-eabi/8.2.1/:/usr/local/Cellar/arm-none-eabi-gcc/8-2018-q4-major/gcc/bin/../lib/gcc/:/usr/local/Cellar/arm-none-eabi-gcc/8-2018-q4-major/gcc/bin/../lib/gcc/arm-none-eabi/8.2.1/../../../../arm-none-eabi/bin/]
  ignore line: [LIBRARY_PATH=/usr/local/Cellar/arm-none-eabi-gcc/8-2018-q4-major/gcc/bin/../lib/gcc/arm-none-eabi/8.2.1/thumb/v7-m/nofp/:/usr/local/Cellar/arm-none-eabi-gcc/8-2018-q4-major/gcc/bin/../lib/gcc/arm-none-eabi/8.2.1/../../../../arm-none-eabi/lib/thumb/v7-m/nofp/:/usr/local/Cellar/arm-none-eabi-gcc/8-2018-q4-major/gcc/bin/../arm-none-eabi/lib/thumb/v7-m/nofp/:/usr/local/Cellar/arm-none-eabi-gcc/8-2018-q4-major/gcc/bin/../lib/gcc/arm-none-eabi/8.2.1/:/usr/local/Cellar/arm-none-eabi-gcc/8-2018-q4-major/gcc/bin/../lib/gcc/:/usr/local/Cellar/arm-none-eabi-gcc/8-2018-q4-major/gcc/bin/../lib/gcc/arm-none-eabi/8.2.1/../../../../arm-none-eabi/lib/:/usr/local/Cellar/arm-none-eabi-gcc/8-2018-q4-major/gcc/bin/../arm-none-eabi/lib/]
  ignore line: [COLLECT_GCC_OPTIONS='-mcpu=cortex-m3' '-mthumb' '-mthumb-interwork' '-ffunction-sections' '-fdata-sections' '-g' '-fno-common' '-fmessage-length=0' '-specs=nosys.specs' '-specs=nano.specs' '-std=gnu99' '-T' '/Users/robotchef/Desktop/hardware/study/stm32/stm32f103ze/led/STM32F103ZETx_FLASH.ld' '-v' '-o' 'cmTC_91cdd' '-mfloat-abi=soft' '-march=armv7-m']
  link line: [ /usr/local/Cellar/arm-none-eabi-gcc/8-2018-q4-major/gcc/bin/../lib/gcc/arm-none-eabi/8.2.1/collect2 -plugin /usr/local/Cellar/arm-none-eabi-gcc/8-2018-q4-major/gcc/bin/../lib/gcc/arm-none-eabi/8.2.1/liblto_plugin.so -plugin-opt=/usr/local/Cellar/arm-none-eabi-gcc/8-2018-q4-major/gcc/bin/../lib/gcc/arm-none-eabi/8.2.1/lto-wrapper -plugin-opt=-fresolution=/var/folders/bt/k0nmbmms42dgbx279pxb0x500000gn/T//ccJLLwNU.res -plugin-opt=-pass-through=-lgcc -plugin-opt=-pass-through=-lg_nano -plugin-opt=-pass-through=-lc_nano -plugin-opt=-pass-through=-lgcc -plugin-opt=-pass-through=-lc_nano -plugin-opt=-pass-through=-lnosys -plugin-opt=-pass-through=-lgcc -plugin-opt=-pass-through=-lc_nano -plugin-opt=-pass-through=-lnosys --sysroot=/usr/local/Cellar/arm-none-eabi-gcc/8-2018-q4-major/gcc/bin/../arm-none-eabi -X -o cmTC_91cdd /usr/local/Cellar/arm-none-eabi-gcc/8-2018-q4-major/gcc/bin/../lib/gcc/arm-none-eabi/8.2.1/thumb/v7-m/nofp/crti.o /usr/local/Cellar/arm-none-eabi-gcc/8-2018-q4-major/gcc/bin/../lib/gcc/arm-none-eabi/8.2.1/thumb/v7-m/nofp/crtbegin.o /usr/local/Cellar/arm-none-eabi-gcc/8-2018-q4-major/gcc/bin/../lib/gcc/arm-none-eabi/8.2.1/../../../../arm-none-eabi/lib/thumb/v7-m/nofp/crt0.o -L/usr/local/Cellar/arm-none-eabi-gcc/8-2018-q4-major/gcc/bin/../lib/gcc/arm-none-eabi/8.2.1/thumb/v7-m/nofp -L/usr/local/Cellar/arm-none-eabi-gcc/8-2018-q4-major/gcc/bin/../lib/gcc/arm-none-eabi/8.2.1/../../../../arm-none-eabi/lib/thumb/v7-m/nofp -L/usr/local/Cellar/arm-none-eabi-gcc/8-2018-q4-major/gcc/bin/../arm-none-eabi/lib/thumb/v7-m/nofp -L/usr/local/Cellar/arm-none-eabi-gcc/8-2018-q4-major/gcc/bin/../lib/gcc/arm-none-eabi/8.2.1 -L/usr/local/Cellar/arm-none-eabi-gcc/8-2018-q4-major/gcc/bin/../lib/gcc -L/usr/local/Cellar/arm-none-eabi-gcc/8-2018-q4-major/gcc/bin/../lib/gcc/arm-none-eabi/8.2.1/../../../../arm-none-eabi/lib -L/usr/local/Cellar/arm-none-eabi-gcc/8-2018-q4-major/gcc/bin/../arm-none-eabi/lib -gc-sections --print-memory-usage CMakeFiles/cmTC_91cdd.dir/CMakeCCompilerABI.c.obj --start-group -lgcc -lg_nano -lc_nano --end-group --start-group -lgcc -lc_nano -lnosys --end-group --start-group -lgcc -lc_nano -lnosys --end-group /usr/local/Cellar/arm-none-eabi-gcc/8-2018-q4-major/gcc/bin/../lib/gcc/arm-none-eabi/8.2.1/thumb/v7-m/nofp/crtend.o /usr/local/Cellar/arm-none-eabi-gcc/8-2018-q4-major/gcc/bin/../lib/gcc/arm-none-eabi/8.2.1/thumb/v7-m/nofp/crtn.o -T /Users/robotchef/Desktop/hardware/study/stm32/stm32f103ze/led/STM32F103ZETx_FLASH.ld]
    arg [/usr/local/Cellar/arm-none-eabi-gcc/8-2018-q4-major/gcc/bin/../lib/gcc/arm-none-eabi/8.2.1/collect2] ==> ignore
    arg [-plugin] ==> ignore
    arg [/usr/local/Cellar/arm-none-eabi-gcc/8-2018-q4-major/gcc/bin/../lib/gcc/arm-none-eabi/8.2.1/liblto_plugin.so] ==> ignore
    arg [-plugin-opt=/usr/local/Cellar/arm-none-eabi-gcc/8-2018-q4-major/gcc/bin/../lib/gcc/arm-none-eabi/8.2.1/lto-wrapper] ==> ignore
    arg [-plugin-opt=-fresolution=/var/folders/bt/k0nmbmms42dgbx279pxb0x500000gn/T//ccJLLwNU.res] ==> ignore
    arg [-plugin-opt=-pass-through=-lgcc] ==> ignore
    arg [-plugin-opt=-pass-through=-lg_nano] ==> ignore
    arg [-plugin-opt=-pass-through=-lc_nano] ==> ignore
    arg [-plugin-opt=-pass-through=-lgcc] ==> ignore
    arg [-plugin-opt=-pass-through=-lc_nano] ==> ignore
    arg [-plugin-opt=-pass-through=-lnosys] ==> ignore
    arg [-plugin-opt=-pass-through=-lgcc] ==> ignore
    arg [-plugin-opt=-pass-through=-lc_nano] ==> ignore
    arg [-plugin-opt=-pass-through=-lnosys] ==> ignore
    arg [--sysroot=/usr/local/Cellar/arm-none-eabi-gcc/8-2018-q4-major/gcc/bin/../arm-none-eabi] ==> ignore
    arg [-X] ==> ignore
    arg [-o] ==> ignore
    arg [cmTC_91cdd] ==> ignore
    arg [/usr/local/Cellar/arm-none-eabi-gcc/8-2018-q4-major/gcc/bin/../lib/gcc/arm-none-eabi/8.2.1/thumb/v7-m/nofp/crti.o] ==> ignore
    arg [/usr/local/Cellar/arm-none-eabi-gcc/8-2018-q4-major/gcc/bin/../lib/gcc/arm-none-eabi/8.2.1/thumb/v7-m/nofp/crtbegin.o] ==> ignore
    arg [/usr/local/Cellar/arm-none-eabi-gcc/8-2018-q4-major/gcc/bin/../lib/gcc/arm-none-eabi/8.2.1/../../../../arm-none-eabi/lib/thumb/v7-m/nofp/crt0.o] ==> ignore
    arg [-L/usr/local/Cellar/arm-none-eabi-gcc/8-2018-q4-major/gcc/bin/../lib/gcc/arm-none-eabi/8.2.1/thumb/v7-m/nofp] ==> dir [/usr/local/Cellar/arm-none-eabi-gcc/8-2018-q4-major/gcc/bin/../lib/gcc/arm-none-eabi/8.2.1/thumb/v7-m/nofp]
    arg [-L/usr/local/Cellar/arm-none-eabi-gcc/8-2018-q4-major/gcc/bin/../lib/gcc/arm-none-eabi/8.2.1/../../../../arm-none-eabi/lib/thumb/v7-m/nofp] ==> dir [/usr/local/Cellar/arm-none-eabi-gcc/8-2018-q4-major/gcc/bin/../lib/gcc/arm-none-eabi/8.2.1/../../../../arm-none-eabi/lib/thumb/v7-m/nofp]
    arg [-L/usr/local/Cellar/arm-none-eabi-gcc/8-2018-q4-major/gcc/bin/../arm-none-eabi/lib/thumb/v7-m/nofp] ==> dir [/usr/local/Cellar/arm-none-eabi-gcc/8-2018-q4-major/gcc/bin/../arm-none-eabi/lib/thumb/v7-m/nofp]
    arg [-L/usr/local/Cellar/arm-none-eabi-gcc/8-2018-q4-major/gcc/bin/../lib/gcc/arm-none-eabi/8.2.1] ==> dir [/usr/local/Cellar/arm-none-eabi-gcc/8-2018-q4-major/gcc/bin/../lib/gcc/arm-none-eabi/8.2.1]
    arg [-L/usr/local/Cellar/arm-none-eabi-gcc/8-2018-q4-major/gcc/bin/../lib/gcc] ==> dir [/usr/local/Cellar/arm-none-eabi-gcc/8-2018-q4-major/gcc/bin/../lib/gcc]
    arg [-L/usr/local/Cellar/arm-none-eabi-gcc/8-2018-q4-major/gcc/bin/../lib/gcc/arm-none-eabi/8.2.1/../../../../arm-none-eabi/lib] ==> dir [/usr/local/Cellar/arm-none-eabi-gcc/8-2018-q4-major/gcc/bin/../lib/gcc/arm-none-eabi/8.2.1/../../../../arm-none-eabi/lib]
    arg [-L/usr/local/Cellar/arm-none-eabi-gcc/8-2018-q4-major/gcc/bin/../arm-none-eabi/lib] ==> dir [/usr/local/Cellar/arm-none-eabi-gcc/8-2018-q4-major/gcc/bin/../arm-none-eabi/lib]
    arg [-gc-sections] ==> ignore
    arg [--print-memory-usage] ==> ignore
    arg [CMakeFiles/cmTC_91cdd.dir/CMakeCCompilerABI.c.obj] ==> ignore
    arg [--start-group] ==> ignore
    arg [-lgcc] ==> lib [gcc]
    arg [-lg_nano] ==> lib [g_nano]
    arg [-lc_nano] ==> lib [c_nano]
    arg [--end-group] ==> ignore
    arg [--start-group] ==> ignore
    arg [-lgcc] ==> lib [gcc]
    arg [-lc_nano] ==> lib [c_nano]
    arg [-lnosys] ==> lib [nosys]
    arg [--end-group] ==> ignore
    arg [--start-group] ==> ignore
    arg [-lgcc] ==> lib [gcc]
    arg [-lc_nano] ==> lib [c_nano]
    arg [-lnosys] ==> lib [nosys]
    arg [--end-group] ==> ignore
    arg [/usr/local/Cellar/arm-none-eabi-gcc/8-2018-q4-major/gcc/bin/../lib/gcc/arm-none-eabi/8.2.1/thumb/v7-m/nofp/crtend.o] ==> ignore
    arg [/usr/local/Cellar/arm-none-eabi-gcc/8-2018-q4-major/gcc/bin/../lib/gcc/arm-none-eabi/8.2.1/thumb/v7-m/nofp/crtn.o] ==> ignore
    arg [-T] ==> ignore
    arg [/Users/robotchef/Desktop/hardware/study/stm32/stm32f103ze/led/STM32F103ZETx_FLASH.ld] ==> ignore
  collapse library dir [/usr/local/Cellar/arm-none-eabi-gcc/8-2018-q4-major/gcc/bin/../lib/gcc/arm-none-eabi/8.2.1/thumb/v7-m/nofp] ==> [/usr/local/Cellar/arm-none-eabi-gcc/8-2018-q4-major/gcc/lib/gcc/arm-none-eabi/8.2.1/thumb/v7-m/nofp]
  collapse library dir [/usr/local/Cellar/arm-none-eabi-gcc/8-2018-q4-major/gcc/bin/../lib/gcc/arm-none-eabi/8.2.1/../../../../arm-none-eabi/lib/thumb/v7-m/nofp] ==> [/usr/local/Cellar/arm-none-eabi-gcc/8-2018-q4-major/gcc/arm-none-eabi/lib/thumb/v7-m/nofp]
  collapse library dir [/usr/local/Cellar/arm-none-eabi-gcc/8-2018-q4-major/gcc/bin/../arm-none-eabi/lib/thumb/v7-m/nofp] ==> [/usr/local/Cellar/arm-none-eabi-gcc/8-2018-q4-major/gcc/arm-none-eabi/lib/thumb/v7-m/nofp]
  collapse library dir [/usr/local/Cellar/arm-none-eabi-gcc/8-2018-q4-major/gcc/bin/../lib/gcc/arm-none-eabi/8.2.1] ==> [/usr/local/Cellar/arm-none-eabi-gcc/8-2018-q4-major/gcc/lib/gcc/arm-none-eabi/8.2.1]
  collapse library dir [/usr/local/Cellar/arm-none-eabi-gcc/8-2018-q4-major/gcc/bin/../lib/gcc] ==> [/usr/local/Cellar/arm-none-eabi-gcc/8-2018-q4-major/gcc/lib/gcc]
  collapse library dir [/usr/local/Cellar/arm-none-eabi-gcc/8-2018-q4-major/gcc/bin/../lib/gcc/arm-none-eabi/8.2.1/../../../../arm-none-eabi/lib] ==> [/usr/local/Cellar/arm-none-eabi-gcc/8-2018-q4-major/gcc/arm-none-eabi/lib]
  collapse library dir [/usr/local/Cellar/arm-none-eabi-gcc/8-2018-q4-major/gcc/bin/../arm-none-eabi/lib] ==> [/usr/local/Cellar/arm-none-eabi-gcc/8-2018-q4-major/gcc/arm-none-eabi/lib]
  implicit libs: [gcc;g_nano;c_nano;gcc;c_nano;nosys;gcc;c_nano;nosys]
  implicit dirs: [/usr/local/Cellar/arm-none-eabi-gcc/8-2018-q4-major/gcc/lib/gcc/arm-none-eabi/8.2.1/thumb/v7-m/nofp;/usr/local/Cellar/arm-none-eabi-gcc/8-2018-q4-major/gcc/arm-none-eabi/lib/thumb/v7-m/nofp;/usr/local/Cellar/arm-none-eabi-gcc/8-2018-q4-major/gcc/lib/gcc/arm-none-eabi/8.2.1;/usr/local/Cellar/arm-none-eabi-gcc/8-2018-q4-major/gcc/lib/gcc;/usr/local/Cellar/arm-none-eabi-gcc/8-2018-q4-major/gcc/arm-none-eabi/lib]
  implicit fwks: []


Detecting CXX compiler ABI info compiled with the following output:
Change Dir: /Users/robotchef/Desktop/hardware/study/stm32/stm32f103ze/led/cmake-build-debug/CMakeFiles/CMakeTmp

Run Build Command(s):/usr/bin/make cmTC_40a05/fast && /Applications/Xcode.app/Contents/Developer/usr/bin/make -f CMakeFiles/cmTC_40a05.dir/build.make CMakeFiles/cmTC_40a05.dir/build
Building CXX object CMakeFiles/cmTC_40a05.dir/CMakeCXXCompilerABI.cpp.obj
/usr/local/bin/arm-none-eabi-g++    -mcpu=cortex-m3  -mthumb -mthumb-interwork -ffunction-sections -fdata-sections     -g -fno-common -fmessage-length=0 -specs=nosys.specs -specs=nano.specs -std=c++11    -v -o CMakeFiles/cmTC_40a05.dir/CMakeCXXCompilerABI.cpp.obj -c /Applications/CLion.app/Contents/bin/cmake/mac/share/cmake-3.15/Modules/CMakeCXXCompilerABI.cpp
Using built-in specs.
Reading specs from /usr/local/Cellar/arm-none-eabi-gcc/8-2018-q4-major/gcc/bin/../lib/gcc/arm-none-eabi/8.2.1/../../../../arm-none-eabi/lib/nosys.specs
rename spec link_gcc_c_sequence to nosys_link_gcc_c_sequence
Reading specs from /usr/local/Cellar/arm-none-eabi-gcc/8-2018-q4-major/gcc/bin/../lib/gcc/arm-none-eabi/8.2.1/../../../../arm-none-eabi/lib/nano.specs
rename spec link to nano_link
rename spec link_gcc_c_sequence to nano_link_gcc_c_sequence
rename spec cpp_unique_options to nano_cpp_unique_options
COLLECT_GCC=/usr/local/bin/arm-none-eabi-g++
Target: arm-none-eabi
Configured with: /tmp/jenkins-GCC-8-build-toolchain-mac_cluster-128_20181216_1544945247/src/gcc/configure --target=arm-none-eabi --prefix=/tmp/jenkins-GCC-8-build-toolchain-mac_cluster-128_20181216_1544945247/install-native --libexecdir=/tmp/jenkins-GCC-8-build-toolchain-mac_cluster-128_20181216_1544945247/install-native/lib --infodir=/tmp/jenkins-GCC-8-build-toolchain-mac_cluster-128_20181216_1544945247/install-native/share/doc/gcc-arm-none-eabi/info --mandir=/tmp/jenkins-GCC-8-build-toolchain-mac_cluster-128_20181216_1544945247/install-native/share/doc/gcc-arm-none-eabi/man --htmldir=/tmp/jenkins-GCC-8-build-toolchain-mac_cluster-128_20181216_1544945247/install-native/share/doc/gcc-arm-none-eabi/html --pdfdir=/tmp/jenkins-GCC-8-build-toolchain-mac_cluster-128_20181216_1544945247/install-native/share/doc/gcc-arm-none-eabi/pdf --enable-languages=c,c++ --enable-plugins --disable-decimal-float --disable-libffi --disable-libgomp --disable-libmudflap --disable-libquadmath --disable-libssp --disable-libstdcxx-pch --disable-nls --disable-shared --disable-threads --disable-tls --with-gnu-as --with-gnu-ld --with-newlib --with-headers=yes --with-python-dir=share/gcc-arm-none-eabi --with-sysroot=/tmp/jenkins-GCC-8-build-toolchain-mac_cluster-128_20181216_1544945247/install-native/arm-none-eabi --build=x86_64-apple-darwin10 --host=x86_64-apple-darwin10 --with-gmp=/tmp/jenkins-GCC-8-build-toolchain-mac_cluster-128_20181216_1544945247/build-native/host-libs/usr --with-mpfr=/tmp/jenkins-GCC-8-build-toolchain-mac_cluster-128_20181216_1544945247/build-native/host-libs/usr --with-mpc=/tmp/jenkins-GCC-8-build-toolchain-mac_cluster-128_20181216_1544945247/build-native/host-libs/usr --with-isl=/tmp/jenkins-GCC-8-build-toolchain-mac_cluster-128_20181216_1544945247/build-native/host-libs/usr --with-libelf=/tmp/jenkins-GCC-8-build-toolchain-mac_cluster-128_20181216_1544945247/build-native/host-libs/usr --with-host-libstdcxx='-static-libgcc -Wl,-lstdc++ -lm' --with-pkgversion='GNU Tools for Arm Embedded Processors 8-2018-q4-major' --with-multilib-list=rmprofile
Thread model: single
gcc version 8.2.1 20181213 (release) [gcc-8-branch revision 267074] (GNU Tools for Arm Embedded Processors 8-2018-q4-major) 
COLLECT_GCC_OPTIONS='-mcpu=cortex-m3' '-mthumb' '-mthumb-interwork' '-ffunction-sections' '-fdata-sections' '-g' '-fno-common' '-fmessage-length=0' '-specs=nosys.specs' '-specs=nano.specs' '-std=c++11' '-v' '-o' 'CMakeFiles/cmTC_40a05.dir/CMakeCXXCompilerABI.cpp.obj' '-c' '-mfloat-abi=soft' '-march=armv7-m'
 /usr/local/Cellar/arm-none-eabi-gcc/8-2018-q4-major/gcc/bin/../lib/gcc/arm-none-eabi/8.2.1/cc1plus -isystem =/include/newlib-nano -quiet -v -imultilib thumb/v7-m/nofp -iprefix /usr/local/Cellar/arm-none-eabi-gcc/8-2018-q4-major/gcc/bin/../lib/gcc/arm-none-eabi/8.2.1/ -isysroot /usr/local/Cellar/arm-none-eabi-gcc/8-2018-q4-major/gcc/bin/../arm-none-eabi -D__USES_INITFINI__ /Applications/CLion.app/Contents/bin/cmake/mac/share/cmake-3.15/Modules/CMakeCXXCompilerABI.cpp -quiet -dumpbase CMakeCXXCompilerABI.cpp -mcpu=cortex-m3 -mthumb -mthumb-interwork -mfloat-abi=soft -march=armv7-m -auxbase-strip CMakeFiles/cmTC_40a05.dir/CMakeCXXCompilerABI.cpp.obj -g -std=c++11 -version -ffunction-sections -fdata-sections -fno-common -fmessage-length=0 -o /var/folders/bt/k0nmbmms42dgbx279pxb0x500000gn/T//cctIhfTB.s
GNU C++11 (GNU Tools for Arm Embedded Processors 8-2018-q4-major) version 8.2.1 20181213 (release) [gcc-8-branch revision 267074] (arm-none-eabi)
	compiled by GNU C version 4.2.1 Compatible Apple LLVM 9.0.0 (clang-900.0.39.2), GMP version 6.1.0, MPFR version 3.1.4, MPC version 1.0.3, isl version isl-0.18-GMP

GGC heuristics: --param ggc-min-expand=100 --param ggc-min-heapsize=131072
ignoring duplicate directory "/usr/local/Cellar/arm-none-eabi-gcc/8-2018-q4-major/gcc/bin/../lib/gcc/../../lib/gcc/arm-none-eabi/8.2.1/../../../../arm-none-eabi/include/c++/8.2.1"
ignoring duplicate directory "/usr/local/Cellar/arm-none-eabi-gcc/8-2018-q4-major/gcc/bin/../lib/gcc/../../lib/gcc/arm-none-eabi/8.2.1/../../../../arm-none-eabi/include/c++/8.2.1/arm-none-eabi/thumb/v7-m/nofp"
ignoring duplicate directory "/usr/local/Cellar/arm-none-eabi-gcc/8-2018-q4-major/gcc/bin/../lib/gcc/../../lib/gcc/arm-none-eabi/8.2.1/../../../../arm-none-eabi/include/c++/8.2.1/backward"
ignoring duplicate directory "/usr/local/Cellar/arm-none-eabi-gcc/8-2018-q4-major/gcc/bin/../lib/gcc/../../lib/gcc/arm-none-eabi/8.2.1/include"
ignoring nonexistent directory "/usr/local/Cellar/arm-none-eabi-gcc/8-2018-q4-major/gcc/bin/../arm-none-eabi/usr/local/include"
ignoring duplicate directory "/usr/local/Cellar/arm-none-eabi-gcc/8-2018-q4-major/gcc/bin/../lib/gcc/../../lib/gcc/arm-none-eabi/8.2.1/include-fixed"
ignoring duplicate directory "/usr/local/Cellar/arm-none-eabi-gcc/8-2018-q4-major/gcc/bin/../lib/gcc/../../lib/gcc/arm-none-eabi/8.2.1/../../../../arm-none-eabi/include"
ignoring nonexistent directory "/usr/local/Cellar/arm-none-eabi-gcc/8-2018-q4-major/gcc/bin/../arm-none-eabi/usr/include"
#include "..." search starts here:
#include <...> search starts here:
 /usr/local/Cellar/arm-none-eabi-gcc/8-2018-q4-major/gcc/bin/../arm-none-eabi/include/newlib-nano
 /usr/local/Cellar/arm-none-eabi-gcc/8-2018-q4-major/gcc/bin/../lib/gcc/arm-none-eabi/8.2.1/../../../../arm-none-eabi/include/c++/8.2.1
 /usr/local/Cellar/arm-none-eabi-gcc/8-2018-q4-major/gcc/bin/../lib/gcc/arm-none-eabi/8.2.1/../../../../arm-none-eabi/include/c++/8.2.1/arm-none-eabi/thumb/v7-m/nofp
 /usr/local/Cellar/arm-none-eabi-gcc/8-2018-q4-major/gcc/bin/../lib/gcc/arm-none-eabi/8.2.1/../../../../arm-none-eabi/include/c++/8.2.1/backward
 /usr/local/Cellar/arm-none-eabi-gcc/8-2018-q4-major/gcc/bin/../lib/gcc/arm-none-eabi/8.2.1/include
 /usr/local/Cellar/arm-none-eabi-gcc/8-2018-q4-major/gcc/bin/../lib/gcc/arm-none-eabi/8.2.1/include-fixed
 /usr/local/Cellar/arm-none-eabi-gcc/8-2018-q4-major/gcc/bin/../lib/gcc/arm-none-eabi/8.2.1/../../../../arm-none-eabi/include
End of search list.
GNU C++11 (GNU Tools for Arm Embedded Processors 8-2018-q4-major) version 8.2.1 20181213 (release) [gcc-8-branch revision 267074] (arm-none-eabi)
	compiled by GNU C version 4.2.1 Compatible Apple LLVM 9.0.0 (clang-900.0.39.2), GMP version 6.1.0, MPFR version 3.1.4, MPC version 1.0.3, isl version isl-0.18-GMP

GGC heuristics: --param ggc-min-expand=100 --param ggc-min-heapsize=131072
Compiler executable checksum: 1203c627a6bbebbe76407af3f36e813e
COLLECT_GCC_OPTIONS='-mcpu=cortex-m3' '-mthumb' '-mthumb-interwork' '-ffunction-sections' '-fdata-sections' '-g' '-fno-common' '-fmessage-length=0' '-specs=nosys.specs' '-specs=nano.specs' '-std=c++11' '-v' '-o' 'CMakeFiles/cmTC_40a05.dir/CMakeCXXCompilerABI.cpp.obj' '-c' '-mfloat-abi=soft' '-march=armv7-m'
 /usr/local/Cellar/arm-none-eabi-gcc/8-2018-q4-major/gcc/bin/../lib/gcc/arm-none-eabi/8.2.1/../../../../arm-none-eabi/bin/as -v -march=armv7-m -mthumb-interwork -mfloat-abi=soft -meabi=5 -o CMakeFiles/cmTC_40a05.dir/CMakeCXXCompilerABI.cpp.obj /var/folders/bt/k0nmbmms42dgbx279pxb0x500000gn/T//cctIhfTB.s
GNU assembler version 2.31.51 (arm-none-eabi) using BFD version (GNU Tools for Arm Embedded Processors 8-2018-q4-major) 2.31.51.20181213
COMPILER_PATH=/usr/local/Cellar/arm-none-eabi-gcc/8-2018-q4-major/gcc/bin/../lib/gcc/arm-none-eabi/8.2.1/:/usr/local/Cellar/arm-none-eabi-gcc/8-2018-q4-major/gcc/bin/../lib/gcc/:/usr/local/Cellar/arm-none-eabi-gcc/8-2018-q4-major/gcc/bin/../lib/gcc/arm-none-eabi/8.2.1/../../../../arm-none-eabi/bin/
LIBRARY_PATH=/usr/local/Cellar/arm-none-eabi-gcc/8-2018-q4-major/gcc/bin/../lib/gcc/arm-none-eabi/8.2.1/thumb/v7-m/nofp/:/usr/local/Cellar/arm-none-eabi-gcc/8-2018-q4-major/gcc/bin/../lib/gcc/arm-none-eabi/8.2.1/../../../../arm-none-eabi/lib/thumb/v7-m/nofp/:/usr/local/Cellar/arm-none-eabi-gcc/8-2018-q4-major/gcc/bin/../arm-none-eabi/lib/thumb/v7-m/nofp/:/usr/local/Cellar/arm-none-eabi-gcc/8-2018-q4-major/gcc/bin/../lib/gcc/arm-none-eabi/8.2.1/:/usr/local/Cellar/arm-none-eabi-gcc/8-2018-q4-major/gcc/bin/../lib/gcc/:/usr/local/Cellar/arm-none-eabi-gcc/8-2018-q4-major/gcc/bin/../lib/gcc/arm-none-eabi/8.2.1/../../../../arm-none-eabi/lib/:/usr/local/Cellar/arm-none-eabi-gcc/8-2018-q4-major/gcc/bin/../arm-none-eabi/lib/
COLLECT_GCC_OPTIONS='-mcpu=cortex-m3' '-mthumb' '-mthumb-interwork' '-ffunction-sections' '-fdata-sections' '-g' '-fno-common' '-fmessage-length=0' '-specs=nosys.specs' '-specs=nano.specs' '-std=c++11' '-v' '-o' 'CMakeFiles/cmTC_40a05.dir/CMakeCXXCompilerABI.cpp.obj' '-c' '-mfloat-abi=soft' '-march=armv7-m'
Linking CXX executable cmTC_40a05
/Applications/CLion.app/Contents/bin/cmake/mac/bin/cmake -E cmake_link_script CMakeFiles/cmTC_40a05.dir/link.txt --verbose=1
/usr/local/bin/arm-none-eabi-g++  -mcpu=cortex-m3  -mthumb -mthumb-interwork -ffunction-sections -fdata-sections     -g -fno-common -fmessage-length=0 -specs=nosys.specs -specs=nano.specs -std=c++11   -Wl,-gc-sections,--print-memory-usage -T /Users/robotchef/Desktop/hardware/study/stm32/stm32f103ze/led/STM32F103ZETx_FLASH.ld -v CMakeFiles/cmTC_40a05.dir/CMakeCXXCompilerABI.cpp.obj  -o cmTC_40a05 
Using built-in specs.
Reading specs from /usr/local/Cellar/arm-none-eabi-gcc/8-2018-q4-major/gcc/bin/../lib/gcc/arm-none-eabi/8.2.1/../../../../arm-none-eabi/lib/nosys.specs
rename spec link_gcc_c_sequence to nosys_link_gcc_c_sequence
Reading specs from /usr/local/Cellar/arm-none-eabi-gcc/8-2018-q4-major/gcc/bin/../lib/gcc/arm-none-eabi/8.2.1/../../../../arm-none-eabi/lib/nano.specs
rename spec link to nano_link
rename spec link_gcc_c_sequence to nano_link_gcc_c_sequence
rename spec cpp_unique_options to nano_cpp_unique_options
COLLECT_GCC=/usr/local/bin/arm-none-eabi-g++
COLLECT_LTO_WRAPPER=/usr/local/Cellar/arm-none-eabi-gcc/8-2018-q4-major/gcc/bin/../lib/gcc/arm-none-eabi/8.2.1/lto-wrapper
Target: arm-none-eabi
Configured with: /tmp/jenkins-GCC-8-build-toolchain-mac_cluster-128_20181216_1544945247/src/gcc/configure --target=arm-none-eabi --prefix=/tmp/jenkins-GCC-8-build-toolchain-mac_cluster-128_20181216_1544945247/install-native --libexecdir=/tmp/jenkins-GCC-8-build-toolchain-mac_cluster-128_20181216_1544945247/install-native/lib --infodir=/tmp/jenkins-GCC-8-build-toolchain-mac_cluster-128_20181216_1544945247/install-native/share/doc/gcc-arm-none-eabi/info --mandir=/tmp/jenkins-GCC-8-build-toolchain-mac_cluster-128_20181216_1544945247/install-native/share/doc/gcc-arm-none-eabi/man --htmldir=/tmp/jenkins-GCC-8-build-toolchain-mac_cluster-128_20181216_1544945247/install-native/share/doc/gcc-arm-none-eabi/html --pdfdir=/tmp/jenkins-GCC-8-build-toolchain-mac_cluster-128_20181216_1544945247/install-native/share/doc/gcc-arm-none-eabi/pdf --enable-languages=c,c++ --enable-plugins --disable-decimal-float --disable-libffi --disable-libgomp --disable-libmudflap --disable-libquadmath --disable-libssp --disable-libstdcxx-pch --disable-nls --disable-shared --disable-threads --disable-tls --with-gnu-as --with-gnu-ld --with-newlib --with-headers=yes --with-python-dir=share/gcc-arm-none-eabi --with-sysroot=/tmp/jenkins-GCC-8-build-toolchain-mac_cluster-128_20181216_1544945247/install-native/arm-none-eabi --build=x86_64-apple-darwin10 --host=x86_64-apple-darwin10 --with-gmp=/tmp/jenkins-GCC-8-build-toolchain-mac_cluster-128_20181216_1544945247/build-native/host-libs/usr --with-mpfr=/tmp/jenkins-GCC-8-build-toolchain-mac_cluster-128_20181216_1544945247/build-native/host-libs/usr --with-mpc=/tmp/jenkins-GCC-8-build-toolchain-mac_cluster-128_20181216_1544945247/build-native/host-libs/usr --with-isl=/tmp/jenkins-GCC-8-build-toolchain-mac_cluster-128_20181216_1544945247/build-native/host-libs/usr --with-libelf=/tmp/jenkins-GCC-8-build-toolchain-mac_cluster-128_20181216_1544945247/build-native/host-libs/usr --with-host-libstdcxx='-static-libgcc -Wl,-lstdc++ -lm' --with-pkgversion='GNU Tools for Arm Embedded Processors 8-2018-q4-major' --with-multilib-list=rmprofile
Thread model: single
gcc version 8.2.1 20181213 (release) [gcc-8-branch revision 267074] (GNU Tools for Arm Embedded Processors 8-2018-q4-major) 
COMPILER_PATH=/usr/local/Cellar/arm-none-eabi-gcc/8-2018-q4-major/gcc/bin/../lib/gcc/arm-none-eabi/8.2.1/:/usr/local/Cellar/arm-none-eabi-gcc/8-2018-q4-major/gcc/bin/../lib/gcc/:/usr/local/Cellar/arm-none-eabi-gcc/8-2018-q4-major/gcc/bin/../lib/gcc/arm-none-eabi/8.2.1/../../../../arm-none-eabi/bin/
LIBRARY_PATH=/usr/local/Cellar/arm-none-eabi-gcc/8-2018-q4-major/gcc/bin/../lib/gcc/arm-none-eabi/8.2.1/thumb/v7-m/nofp/:/usr/local/Cellar/arm-none-eabi-gcc/8-2018-q4-major/gcc/bin/../lib/gcc/arm-none-eabi/8.2.1/../../../../arm-none-eabi/lib/thumb/v7-m/nofp/:/usr/local/Cellar/arm-none-eabi-gcc/8-2018-q4-major/gcc/bin/../arm-none-eabi/lib/thumb/v7-m/nofp/:/usr/local/Cellar/arm-none-eabi-gcc/8-2018-q4-major/gcc/bin/../lib/gcc/arm-none-eabi/8.2.1/:/usr/local/Cellar/arm-none-eabi-gcc/8-2018-q4-major/gcc/bin/../lib/gcc/:/usr/local/Cellar/arm-none-eabi-gcc/8-2018-q4-major/gcc/bin/../lib/gcc/arm-none-eabi/8.2.1/../../../../arm-none-eabi/lib/:/usr/local/Cellar/arm-none-eabi-gcc/8-2018-q4-major/gcc/bin/../arm-none-eabi/lib/
COLLECT_GCC_OPTIONS='-mcpu=cortex-m3' '-mthumb' '-mthumb-interwork' '-ffunction-sections' '-fdata-sections' '-g' '-fno-common' '-fmessage-length=0' '-specs=nosys.specs' '-specs=nano.specs' '-std=c++11' '-T' '/Users/robotchef/Desktop/hardware/study/stm32/stm32f103ze/led/STM32F103ZETx_FLASH.ld' '-v' '-o' 'cmTC_40a05' '-mfloat-abi=soft' '-march=armv7-m'
 /usr/local/Cellar/arm-none-eabi-gcc/8-2018-q4-major/gcc/bin/../lib/gcc/arm-none-eabi/8.2.1/collect2 -plugin /usr/local/Cellar/arm-none-eabi-gcc/8-2018-q4-major/gcc/bin/../lib/gcc/arm-none-eabi/8.2.1/liblto_plugin.so -plugin-opt=/usr/local/Cellar/arm-none-eabi-gcc/8-2018-q4-major/gcc/bin/../lib/gcc/arm-none-eabi/8.2.1/lto-wrapper -plugin-opt=-fresolution=/var/folders/bt/k0nmbmms42dgbx279pxb0x500000gn/T//ccPmecYU.res -plugin-opt=-pass-through=-lgcc -plugin-opt=-pass-through=-lg_nano -plugin-opt=-pass-through=-lc_nano -plugin-opt=-pass-through=-lgcc -plugin-opt=-pass-through=-lc_nano -plugin-opt=-pass-through=-lnosys -plugin-opt=-pass-through=-lgcc -plugin-opt=-pass-through=-lc_nano -plugin-opt=-pass-through=-lnosys --sysroot=/usr/local/Cellar/arm-none-eabi-gcc/8-2018-q4-major/gcc/bin/../arm-none-eabi -X -o cmTC_40a05 /usr/local/Cellar/arm-none-eabi-gcc/8-2018-q4-major/gcc/bin/../lib/gcc/arm-none-eabi/8.2.1/thumb/v7-m/nofp/crti.o /usr/local/Cellar/arm-none-eabi-gcc/8-2018-q4-major/gcc/bin/../lib/gcc/arm-none-eabi/8.2.1/thumb/v7-m/nofp/crtbegin.o /usr/local/Cellar/arm-none-eabi-gcc/8-2018-q4-major/gcc/bin/../lib/gcc/arm-none-eabi/8.2.1/../../../../arm-none-eabi/lib/thumb/v7-m/nofp/crt0.o -L/usr/local/Cellar/arm-none-eabi-gcc/8-2018-q4-major/gcc/bin/../lib/gcc/arm-none-eabi/8.2.1/thumb/v7-m/nofp -L/usr/local/Cellar/arm-none-eabi-gcc/8-2018-q4-major/gcc/bin/../lib/gcc/arm-none-eabi/8.2.1/../../../../arm-none-eabi/lib/thumb/v7-m/nofp -L/usr/local/Cellar/arm-none-eabi-gcc/8-2018-q4-major/gcc/bin/../arm-none-eabi/lib/thumb/v7-m/nofp -L/usr/local/Cellar/arm-none-eabi-gcc/8-2018-q4-major/gcc/bin/../lib/gcc/arm-none-eabi/8.2.1 -L/usr/local/Cellar/arm-none-eabi-gcc/8-2018-q4-major/gcc/bin/../lib/gcc -L/usr/local/Cellar/arm-none-eabi-gcc/8-2018-q4-major/gcc/bin/../lib/gcc/arm-none-eabi/8.2.1/../../../../arm-none-eabi/lib -L/usr/local/Cellar/arm-none-eabi-gcc/8-2018-q4-major/gcc/bin/../arm-none-eabi/lib -gc-sections --print-memory-usage CMakeFiles/cmTC_40a05.dir/CMakeCXXCompilerABI.cpp.obj -lstdc++_nano -lm --start-group -lgcc -lg_nano -lc_nano --end-group --start-group -lgcc -lc_nano -lnosys --end-group --start-group -lgcc -lc_nano -lnosys --end-group /usr/local/Cellar/arm-none-eabi-gcc/8-2018-q4-major/gcc/bin/../lib/gcc/arm-none-eabi/8.2.1/thumb/v7-m/nofp/crtend.o /usr/local/Cellar/arm-none-eabi-gcc/8-2018-q4-major/gcc/bin/../lib/gcc/arm-none-eabi/8.2.1/thumb/v7-m/nofp/crtn.o -T /Users/robotchef/Desktop/hardware/study/stm32/stm32f103ze/led/STM32F103ZETx_FLASH.ld
Memory region         Used Size  Region Size  %age Used
             RAM:        1568 B        64 KB      2.39%
           FLASH:          96 B       512 KB      0.02/usr/local/Cellar/arm-none-eabi-gcc/8-2018-q4-major/gcc/bin/../lib/gcc/arm-none-eabi/8.2.1/../../../../arm-none-eabi/bin/ld: warning: cannot find entry symbol Reset_Handler; defaulting to 0000000008000000
%
COLLECT_GCC_OPTIONS='-mcpu=cortex-m3' '-mthumb' '-mthumb-interwork' '-ffunction-sections' '-fdata-sections' '-g' '-fno-common' '-fmessage-length=0' '-specs=nosys.specs' '-specs=nano.specs' '-std=c++11' '-T' '/Users/robotchef/Desktop/hardware/study/stm32/stm32f103ze/led/STM32F103ZETx_FLASH.ld' '-v' '-o' 'cmTC_40a05' '-mfloat-abi=soft' '-march=armv7-m'



Parsed CXX implicit include dir info from above output: rv=done
  found start of include info
  found start of implicit include info
    add: [/usr/local/Cellar/arm-none-eabi-gcc/8-2018-q4-major/gcc/bin/../arm-none-eabi/include/newlib-nano]
    add: [/usr/local/Cellar/arm-none-eabi-gcc/8-2018-q4-major/gcc/bin/../lib/gcc/arm-none-eabi/8.2.1/../../../../arm-none-eabi/include/c++/8.2.1]
    add: [/usr/local/Cellar/arm-none-eabi-gcc/8-2018-q4-major/gcc/bin/../lib/gcc/arm-none-eabi/8.2.1/../../../../arm-none-eabi/include/c++/8.2.1/arm-none-eabi/thumb/v7-m/nofp]
    add: [/usr/local/Cellar/arm-none-eabi-gcc/8-2018-q4-major/gcc/bin/../lib/gcc/arm-none-eabi/8.2.1/../../../../arm-none-eabi/include/c++/8.2.1/backward]
    add: [/usr/local/Cellar/arm-none-eabi-gcc/8-2018-q4-major/gcc/bin/../lib/gcc/arm-none-eabi/8.2.1/include]
    add: [/usr/local/Cellar/arm-none-eabi-gcc/8-2018-q4-major/gcc/bin/../lib/gcc/arm-none-eabi/8.2.1/include-fixed]
    add: [/usr/local/Cellar/arm-none-eabi-gcc/8-2018-q4-major/gcc/bin/../lib/gcc/arm-none-eabi/8.2.1/../../../../arm-none-eabi/include]
  end of search list found
  collapse include dir [/usr/local/Cellar/arm-none-eabi-gcc/8-2018-q4-major/gcc/bin/../arm-none-eabi/include/newlib-nano] ==> [/usr/local/Cellar/arm-none-eabi-gcc/8-2018-q4-major/gcc/arm-none-eabi/include/newlib-nano]
  collapse include dir [/usr/local/Cellar/arm-none-eabi-gcc/8-2018-q4-major/gcc/bin/../lib/gcc/arm-none-eabi/8.2.1/../../../../arm-none-eabi/include/c++/8.2.1] ==> [/usr/local/Cellar/arm-none-eabi-gcc/8-2018-q4-major/gcc/arm-none-eabi/include/c++/8.2.1]
  collapse include dir [/usr/local/Cellar/arm-none-eabi-gcc/8-2018-q4-major/gcc/bin/../lib/gcc/arm-none-eabi/8.2.1/../../../../arm-none-eabi/include/c++/8.2.1/arm-none-eabi/thumb/v7-m/nofp] ==> [/usr/local/Cellar/arm-none-eabi-gcc/8-2018-q4-major/gcc/arm-none-eabi/include/c++/8.2.1/arm-none-eabi/thumb/v7-m/nofp]
  collapse include dir [/usr/local/Cellar/arm-none-eabi-gcc/8-2018-q4-major/gcc/bin/../lib/gcc/arm-none-eabi/8.2.1/../../../../arm-none-eabi/include/c++/8.2.1/backward] ==> [/usr/local/Cellar/arm-none-eabi-gcc/8-2018-q4-major/gcc/arm-none-eabi/include/c++/8.2.1/backward]
  collapse include dir [/usr/local/Cellar/arm-none-eabi-gcc/8-2018-q4-major/gcc/bin/../lib/gcc/arm-none-eabi/8.2.1/include] ==> [/usr/local/Cellar/arm-none-eabi-gcc/8-2018-q4-major/gcc/lib/gcc/arm-none-eabi/8.2.1/include]
  collapse include dir [/usr/local/Cellar/arm-none-eabi-gcc/8-2018-q4-major/gcc/bin/../lib/gcc/arm-none-eabi/8.2.1/include-fixed] ==> [/usr/local/Cellar/arm-none-eabi-gcc/8-2018-q4-major/gcc/lib/gcc/arm-none-eabi/8.2.1/include-fixed]
  collapse include dir [/usr/local/Cellar/arm-none-eabi-gcc/8-2018-q4-major/gcc/bin/../lib/gcc/arm-none-eabi/8.2.1/../../../../arm-none-eabi/include] ==> [/usr/local/Cellar/arm-none-eabi-gcc/8-2018-q4-major/gcc/arm-none-eabi/include]
  implicit include dirs: [/usr/local/Cellar/arm-none-eabi-gcc/8-2018-q4-major/gcc/arm-none-eabi/include/newlib-nano;/usr/local/Cellar/arm-none-eabi-gcc/8-2018-q4-major/gcc/arm-none-eabi/include/c++/8.2.1;/usr/local/Cellar/arm-none-eabi-gcc/8-2018-q4-major/gcc/arm-none-eabi/include/c++/8.2.1/arm-none-eabi/thumb/v7-m/nofp;/usr/local/Cellar/arm-none-eabi-gcc/8-2018-q4-major/gcc/arm-none-eabi/include/c++/8.2.1/backward;/usr/local/Cellar/arm-none-eabi-gcc/8-2018-q4-major/gcc/lib/gcc/arm-none-eabi/8.2.1/include;/usr/local/Cellar/arm-none-eabi-gcc/8-2018-q4-major/gcc/lib/gcc/arm-none-eabi/8.2.1/include-fixed;/usr/local/Cellar/arm-none-eabi-gcc/8-2018-q4-major/gcc/arm-none-eabi/include]


Parsed CXX implicit link information from above output:
  link line regex: [^( *|.*[/\])(arm-none-eabi-ld|CMAKE_LINK_STARTFILE-NOTFOUND|([^/\]+-)?ld|collect2)[^/\]*( |$)]
  ignore line: [Change Dir: /Users/robotchef/Desktop/hardware/study/stm32/stm32f103ze/led/cmake-build-debug/CMakeFiles/CMakeTmp]
  ignore line: []
  ignore line: [Run Build Command(s):/usr/bin/make cmTC_40a05/fast && /Applications/Xcode.app/Contents/Developer/usr/bin/make -f CMakeFiles/cmTC_40a05.dir/build.make CMakeFiles/cmTC_40a05.dir/build]
  ignore line: [Building CXX object CMakeFiles/cmTC_40a05.dir/CMakeCXXCompilerABI.cpp.obj]
  ignore line: [/usr/local/bin/arm-none-eabi-g++    -mcpu=cortex-m3  -mthumb -mthumb-interwork -ffunction-sections -fdata-sections     -g -fno-common -fmessage-length=0 -specs=nosys.specs -specs=nano.specs -std=c++11    -v -o CMakeFiles/cmTC_40a05.dir/CMakeCXXCompilerABI.cpp.obj -c /Applications/CLion.app/Contents/bin/cmake/mac/share/cmake-3.15/Modules/CMakeCXXCompilerABI.cpp]
  ignore line: [Using built-in specs.]
  ignore line: [Reading specs from /usr/local/Cellar/arm-none-eabi-gcc/8-2018-q4-major/gcc/bin/../lib/gcc/arm-none-eabi/8.2.1/../../../../arm-none-eabi/lib/nosys.specs]
  ignore line: [rename spec link_gcc_c_sequence to nosys_link_gcc_c_sequence]
  ignore line: [Reading specs from /usr/local/Cellar/arm-none-eabi-gcc/8-2018-q4-major/gcc/bin/../lib/gcc/arm-none-eabi/8.2.1/../../../../arm-none-eabi/lib/nano.specs]
  ignore line: [rename spec link to nano_link]
  ignore line: [rename spec link_gcc_c_sequence to nano_link_gcc_c_sequence]
  ignore line: [rename spec cpp_unique_options to nano_cpp_unique_options]
  ignore line: [COLLECT_GCC=/usr/local/bin/arm-none-eabi-g++]
  ignore line: [Target: arm-none-eabi]
  ignore line: [Configured with: /tmp/jenkins-GCC-8-build-toolchain-mac_cluster-128_20181216_1544945247/src/gcc/configure --target=arm-none-eabi --prefix=/tmp/jenkins-GCC-8-build-toolchain-mac_cluster-128_20181216_1544945247/install-native --libexecdir=/tmp/jenkins-GCC-8-build-toolchain-mac_cluster-128_20181216_1544945247/install-native/lib --infodir=/tmp/jenkins-GCC-8-build-toolchain-mac_cluster-128_20181216_1544945247/install-native/share/doc/gcc-arm-none-eabi/info --mandir=/tmp/jenkins-GCC-8-build-toolchain-mac_cluster-128_20181216_1544945247/install-native/share/doc/gcc-arm-none-eabi/man --htmldir=/tmp/jenkins-GCC-8-build-toolchain-mac_cluster-128_20181216_1544945247/install-native/share/doc/gcc-arm-none-eabi/html --pdfdir=/tmp/jenkins-GCC-8-build-toolchain-mac_cluster-128_20181216_1544945247/install-native/share/doc/gcc-arm-none-eabi/pdf --enable-languages=c,c++ --enable-plugins --disable-decimal-float --disable-libffi --disable-libgomp --disable-libmudflap --disable-libquadmath --disable-libssp --disable-libstdcxx-pch --disable-nls --disable-shared --disable-threads --disable-tls --with-gnu-as --with-gnu-ld --with-newlib --with-headers=yes --with-python-dir=share/gcc-arm-none-eabi --with-sysroot=/tmp/jenkins-GCC-8-build-toolchain-mac_cluster-128_20181216_1544945247/install-native/arm-none-eabi --build=x86_64-apple-darwin10 --host=x86_64-apple-darwin10 --with-gmp=/tmp/jenkins-GCC-8-build-toolchain-mac_cluster-128_20181216_1544945247/build-native/host-libs/usr --with-mpfr=/tmp/jenkins-GCC-8-build-toolchain-mac_cluster-128_20181216_1544945247/build-native/host-libs/usr --with-mpc=/tmp/jenkins-GCC-8-build-toolchain-mac_cluster-128_20181216_1544945247/build-native/host-libs/usr --with-isl=/tmp/jenkins-GCC-8-build-toolchain-mac_cluster-128_20181216_1544945247/build-native/host-libs/usr --with-libelf=/tmp/jenkins-GCC-8-build-toolchain-mac_cluster-128_20181216_1544945247/build-native/host-libs/usr --with-host-libstdcxx='-static-libgcc -Wl,-lstdc++ -lm' --with-pkgversion='GNU Tools for Arm Embedded Processors 8-2018-q4-major' --with-multilib-list=rmprofile]
  ignore line: [Thread model: single]
  ignore line: [gcc version 8.2.1 20181213 (release) [gcc-8-branch revision 267074] (GNU Tools for Arm Embedded Processors 8-2018-q4-major) ]
  ignore line: [COLLECT_GCC_OPTIONS='-mcpu=cortex-m3' '-mthumb' '-mthumb-interwork' '-ffunction-sections' '-fdata-sections' '-g' '-fno-common' '-fmessage-length=0' '-specs=nosys.specs' '-specs=nano.specs' '-std=c++11' '-v' '-o' 'CMakeFiles/cmTC_40a05.dir/CMakeCXXCompilerABI.cpp.obj' '-c' '-mfloat-abi=soft' '-march=armv7-m']
  ignore line: [ /usr/local/Cellar/arm-none-eabi-gcc/8-2018-q4-major/gcc/bin/../lib/gcc/arm-none-eabi/8.2.1/cc1plus -isystem =/include/newlib-nano -quiet -v -imultilib thumb/v7-m/nofp -iprefix /usr/local/Cellar/arm-none-eabi-gcc/8-2018-q4-major/gcc/bin/../lib/gcc/arm-none-eabi/8.2.1/ -isysroot /usr/local/Cellar/arm-none-eabi-gcc/8-2018-q4-major/gcc/bin/../arm-none-eabi -D__USES_INITFINI__ /Applications/CLion.app/Contents/bin/cmake/mac/share/cmake-3.15/Modules/CMakeCXXCompilerABI.cpp -quiet -dumpbase CMakeCXXCompilerABI.cpp -mcpu=cortex-m3 -mthumb -mthumb-interwork -mfloat-abi=soft -march=armv7-m -auxbase-strip CMakeFiles/cmTC_40a05.dir/CMakeCXXCompilerABI.cpp.obj -g -std=c++11 -version -ffunction-sections -fdata-sections -fno-common -fmessage-length=0 -o /var/folders/bt/k0nmbmms42dgbx279pxb0x500000gn/T//cctIhfTB.s]
  ignore line: [GNU C++11 (GNU Tools for Arm Embedded Processors 8-2018-q4-major) version 8.2.1 20181213 (release) [gcc-8-branch revision 267074] (arm-none-eabi)]
  ignore line: [	compiled by GNU C version 4.2.1 Compatible Apple LLVM 9.0.0 (clang-900.0.39.2), GMP version 6.1.0, MPFR version 3.1.4, MPC version 1.0.3, isl version isl-0.18-GMP]
  ignore line: []
  ignore line: [GGC heuristics: --param ggc-min-expand=100 --param ggc-min-heapsize=131072]
  ignore line: [ignoring duplicate directory "/usr/local/Cellar/arm-none-eabi-gcc/8-2018-q4-major/gcc/bin/../lib/gcc/../../lib/gcc/arm-none-eabi/8.2.1/../../../../arm-none-eabi/include/c++/8.2.1"]
  ignore line: [ignoring duplicate directory "/usr/local/Cellar/arm-none-eabi-gcc/8-2018-q4-major/gcc/bin/../lib/gcc/../../lib/gcc/arm-none-eabi/8.2.1/../../../../arm-none-eabi/include/c++/8.2.1/arm-none-eabi/thumb/v7-m/nofp"]
  ignore line: [ignoring duplicate directory "/usr/local/Cellar/arm-none-eabi-gcc/8-2018-q4-major/gcc/bin/../lib/gcc/../../lib/gcc/arm-none-eabi/8.2.1/../../../../arm-none-eabi/include/c++/8.2.1/backward"]
  ignore line: [ignoring duplicate directory "/usr/local/Cellar/arm-none-eabi-gcc/8-2018-q4-major/gcc/bin/../lib/gcc/../../lib/gcc/arm-none-eabi/8.2.1/include"]
  ignore line: [ignoring nonexistent directory "/usr/local/Cellar/arm-none-eabi-gcc/8-2018-q4-major/gcc/bin/../arm-none-eabi/usr/local/include"]
  ignore line: [ignoring duplicate directory "/usr/local/Cellar/arm-none-eabi-gcc/8-2018-q4-major/gcc/bin/../lib/gcc/../../lib/gcc/arm-none-eabi/8.2.1/include-fixed"]
  ignore line: [ignoring duplicate directory "/usr/local/Cellar/arm-none-eabi-gcc/8-2018-q4-major/gcc/bin/../lib/gcc/../../lib/gcc/arm-none-eabi/8.2.1/../../../../arm-none-eabi/include"]
  ignore line: [ignoring nonexistent directory "/usr/local/Cellar/arm-none-eabi-gcc/8-2018-q4-major/gcc/bin/../arm-none-eabi/usr/include"]
  ignore line: [#include "..." search starts here:]
  ignore line: [#include <...> search starts here:]
  ignore line: [ /usr/local/Cellar/arm-none-eabi-gcc/8-2018-q4-major/gcc/bin/../arm-none-eabi/include/newlib-nano]
  ignore line: [ /usr/local/Cellar/arm-none-eabi-gcc/8-2018-q4-major/gcc/bin/../lib/gcc/arm-none-eabi/8.2.1/../../../../arm-none-eabi/include/c++/8.2.1]
  ignore line: [ /usr/local/Cellar/arm-none-eabi-gcc/8-2018-q4-major/gcc/bin/../lib/gcc/arm-none-eabi/8.2.1/../../../../arm-none-eabi/include/c++/8.2.1/arm-none-eabi/thumb/v7-m/nofp]
  ignore line: [ /usr/local/Cellar/arm-none-eabi-gcc/8-2018-q4-major/gcc/bin/../lib/gcc/arm-none-eabi/8.2.1/../../../../arm-none-eabi/include/c++/8.2.1/backward]
  ignore line: [ /usr/local/Cellar/arm-none-eabi-gcc/8-2018-q4-major/gcc/bin/../lib/gcc/arm-none-eabi/8.2.1/include]
  ignore line: [ /usr/local/Cellar/arm-none-eabi-gcc/8-2018-q4-major/gcc/bin/../lib/gcc/arm-none-eabi/8.2.1/include-fixed]
  ignore line: [ /usr/local/Cellar/arm-none-eabi-gcc/8-2018-q4-major/gcc/bin/../lib/gcc/arm-none-eabi/8.2.1/../../../../arm-none-eabi/include]
  ignore line: [End of search list.]
  ignore line: [GNU C++11 (GNU Tools for Arm Embedded Processors 8-2018-q4-major) version 8.2.1 20181213 (release) [gcc-8-branch revision 267074] (arm-none-eabi)]
  ignore line: [	compiled by GNU C version 4.2.1 Compatible Apple LLVM 9.0.0 (clang-900.0.39.2), GMP version 6.1.0, MPFR version 3.1.4, MPC version 1.0.3, isl version isl-0.18-GMP]
  ignore line: []
  ignore line: [GGC heuristics: --param ggc-min-expand=100 --param ggc-min-heapsize=131072]
  ignore line: [Compiler executable checksum: 1203c627a6bbebbe76407af3f36e813e]
  ignore line: [COLLECT_GCC_OPTIONS='-mcpu=cortex-m3' '-mthumb' '-mthumb-interwork' '-ffunction-sections' '-fdata-sections' '-g' '-fno-common' '-fmessage-length=0' '-specs=nosys.specs' '-specs=nano.specs' '-std=c++11' '-v' '-o' 'CMakeFiles/cmTC_40a05.dir/CMakeCXXCompilerABI.cpp.obj' '-c' '-mfloat-abi=soft' '-march=armv7-m']
  ignore line: [ /usr/local/Cellar/arm-none-eabi-gcc/8-2018-q4-major/gcc/bin/../lib/gcc/arm-none-eabi/8.2.1/../../../../arm-none-eabi/bin/as -v -march=armv7-m -mthumb-interwork -mfloat-abi=soft -meabi=5 -o CMakeFiles/cmTC_40a05.dir/CMakeCXXCompilerABI.cpp.obj /var/folders/bt/k0nmbmms42dgbx279pxb0x500000gn/T//cctIhfTB.s]
  ignore line: [GNU assembler version 2.31.51 (arm-none-eabi) using BFD version (GNU Tools for Arm Embedded Processors 8-2018-q4-major) 2.31.51.20181213]
  ignore line: [COMPILER_PATH=/usr/local/Cellar/arm-none-eabi-gcc/8-2018-q4-major/gcc/bin/../lib/gcc/arm-none-eabi/8.2.1/:/usr/local/Cellar/arm-none-eabi-gcc/8-2018-q4-major/gcc/bin/../lib/gcc/:/usr/local/Cellar/arm-none-eabi-gcc/8-2018-q4-major/gcc/bin/../lib/gcc/arm-none-eabi/8.2.1/../../../../arm-none-eabi/bin/]
  ignore line: [LIBRARY_PATH=/usr/local/Cellar/arm-none-eabi-gcc/8-2018-q4-major/gcc/bin/../lib/gcc/arm-none-eabi/8.2.1/thumb/v7-m/nofp/:/usr/local/Cellar/arm-none-eabi-gcc/8-2018-q4-major/gcc/bin/../lib/gcc/arm-none-eabi/8.2.1/../../../../arm-none-eabi/lib/thumb/v7-m/nofp/:/usr/local/Cellar/arm-none-eabi-gcc/8-2018-q4-major/gcc/bin/../arm-none-eabi/lib/thumb/v7-m/nofp/:/usr/local/Cellar/arm-none-eabi-gcc/8-2018-q4-major/gcc/bin/../lib/gcc/arm-none-eabi/8.2.1/:/usr/local/Cellar/arm-none-eabi-gcc/8-2018-q4-major/gcc/bin/../lib/gcc/:/usr/local/Cellar/arm-none-eabi-gcc/8-2018-q4-major/gcc/bin/../lib/gcc/arm-none-eabi/8.2.1/../../../../arm-none-eabi/lib/:/usr/local/Cellar/arm-none-eabi-gcc/8-2018-q4-major/gcc/bin/../arm-none-eabi/lib/]
  ignore line: [COLLECT_GCC_OPTIONS='-mcpu=cortex-m3' '-mthumb' '-mthumb-interwork' '-ffunction-sections' '-fdata-sections' '-g' '-fno-common' '-fmessage-length=0' '-specs=nosys.specs' '-specs=nano.specs' '-std=c++11' '-v' '-o' 'CMakeFiles/cmTC_40a05.dir/CMakeCXXCompilerABI.cpp.obj' '-c' '-mfloat-abi=soft' '-march=armv7-m']
  ignore line: [Linking CXX executable cmTC_40a05]
  ignore line: [/Applications/CLion.app/Contents/bin/cmake/mac/bin/cmake -E cmake_link_script CMakeFiles/cmTC_40a05.dir/link.txt --verbose=1]
  ignore line: [/usr/local/bin/arm-none-eabi-g++  -mcpu=cortex-m3  -mthumb -mthumb-interwork -ffunction-sections -fdata-sections     -g -fno-common -fmessage-length=0 -specs=nosys.specs -specs=nano.specs -std=c++11   -Wl,-gc-sections,--print-memory-usage -T /Users/robotchef/Desktop/hardware/study/stm32/stm32f103ze/led/STM32F103ZETx_FLASH.ld -v CMakeFiles/cmTC_40a05.dir/CMakeCXXCompilerABI.cpp.obj  -o cmTC_40a05 ]
  ignore line: [Using built-in specs.]
  ignore line: [Reading specs from /usr/local/Cellar/arm-none-eabi-gcc/8-2018-q4-major/gcc/bin/../lib/gcc/arm-none-eabi/8.2.1/../../../../arm-none-eabi/lib/nosys.specs]
  ignore line: [rename spec link_gcc_c_sequence to nosys_link_gcc_c_sequence]
  ignore line: [Reading specs from /usr/local/Cellar/arm-none-eabi-gcc/8-2018-q4-major/gcc/bin/../lib/gcc/arm-none-eabi/8.2.1/../../../../arm-none-eabi/lib/nano.specs]
  ignore line: [rename spec link to nano_link]
  ignore line: [rename spec link_gcc_c_sequence to nano_link_gcc_c_sequence]
  ignore line: [rename spec cpp_unique_options to nano_cpp_unique_options]
  ignore line: [COLLECT_GCC=/usr/local/bin/arm-none-eabi-g++]
  ignore line: [COLLECT_LTO_WRAPPER=/usr/local/Cellar/arm-none-eabi-gcc/8-2018-q4-major/gcc/bin/../lib/gcc/arm-none-eabi/8.2.1/lto-wrapper]
  ignore line: [Target: arm-none-eabi]
  ignore line: [Configured with: /tmp/jenkins-GCC-8-build-toolchain-mac_cluster-128_20181216_1544945247/src/gcc/configure --target=arm-none-eabi --prefix=/tmp/jenkins-GCC-8-build-toolchain-mac_cluster-128_20181216_1544945247/install-native --libexecdir=/tmp/jenkins-GCC-8-build-toolchain-mac_cluster-128_20181216_1544945247/install-native/lib --infodir=/tmp/jenkins-GCC-8-build-toolchain-mac_cluster-128_20181216_1544945247/install-native/share/doc/gcc-arm-none-eabi/info --mandir=/tmp/jenkins-GCC-8-build-toolchain-mac_cluster-128_20181216_1544945247/install-native/share/doc/gcc-arm-none-eabi/man --htmldir=/tmp/jenkins-GCC-8-build-toolchain-mac_cluster-128_20181216_1544945247/install-native/share/doc/gcc-arm-none-eabi/html --pdfdir=/tmp/jenkins-GCC-8-build-toolchain-mac_cluster-128_20181216_1544945247/install-native/share/doc/gcc-arm-none-eabi/pdf --enable-languages=c,c++ --enable-plugins --disable-decimal-float --disable-libffi --disable-libgomp --disable-libmudflap --disable-libquadmath --disable-libssp --disable-libstdcxx-pch --disable-nls --disable-shared --disable-threads --disable-tls --with-gnu-as --with-gnu-ld --with-newlib --with-headers=yes --with-python-dir=share/gcc-arm-none-eabi --with-sysroot=/tmp/jenkins-GCC-8-build-toolchain-mac_cluster-128_20181216_1544945247/install-native/arm-none-eabi --build=x86_64-apple-darwin10 --host=x86_64-apple-darwin10 --with-gmp=/tmp/jenkins-GCC-8-build-toolchain-mac_cluster-128_20181216_1544945247/build-native/host-libs/usr --with-mpfr=/tmp/jenkins-GCC-8-build-toolchain-mac_cluster-128_20181216_1544945247/build-native/host-libs/usr --with-mpc=/tmp/jenkins-GCC-8-build-toolchain-mac_cluster-128_20181216_1544945247/build-native/host-libs/usr --with-isl=/tmp/jenkins-GCC-8-build-toolchain-mac_cluster-128_20181216_1544945247/build-native/host-libs/usr --with-libelf=/tmp/jenkins-GCC-8-build-toolchain-mac_cluster-128_20181216_1544945247/build-native/host-libs/usr --with-host-libstdcxx='-static-libgcc -Wl,-lstdc++ -lm' --with-pkgversion='GNU Tools for Arm Embedded Processors 8-2018-q4-major' --with-multilib-list=rmprofile]
  ignore line: [Thread model: single]
  ignore line: [gcc version 8.2.1 20181213 (release) [gcc-8-branch revision 267074] (GNU Tools for Arm Embedded Processors 8-2018-q4-major) ]
  ignore line: [COMPILER_PATH=/usr/local/Cellar/arm-none-eabi-gcc/8-2018-q4-major/gcc/bin/../lib/gcc/arm-none-eabi/8.2.1/:/usr/local/Cellar/arm-none-eabi-gcc/8-2018-q4-major/gcc/bin/../lib/gcc/:/usr/local/Cellar/arm-none-eabi-gcc/8-2018-q4-major/gcc/bin/../lib/gcc/arm-none-eabi/8.2.1/../../../../arm-none-eabi/bin/]
  ignore line: [LIBRARY_PATH=/usr/local/Cellar/arm-none-eabi-gcc/8-2018-q4-major/gcc/bin/../lib/gcc/arm-none-eabi/8.2.1/thumb/v7-m/nofp/:/usr/local/Cellar/arm-none-eabi-gcc/8-2018-q4-major/gcc/bin/../lib/gcc/arm-none-eabi/8.2.1/../../../../arm-none-eabi/lib/thumb/v7-m/nofp/:/usr/local/Cellar/arm-none-eabi-gcc/8-2018-q4-major/gcc/bin/../arm-none-eabi/lib/thumb/v7-m/nofp/:/usr/local/Cellar/arm-none-eabi-gcc/8-2018-q4-major/gcc/bin/../lib/gcc/arm-none-eabi/8.2.1/:/usr/local/Cellar/arm-none-eabi-gcc/8-2018-q4-major/gcc/bin/../lib/gcc/:/usr/local/Cellar/arm-none-eabi-gcc/8-2018-q4-major/gcc/bin/../lib/gcc/arm-none-eabi/8.2.1/../../../../arm-none-eabi/lib/:/usr/local/Cellar/arm-none-eabi-gcc/8-2018-q4-major/gcc/bin/../arm-none-eabi/lib/]
  ignore line: [COLLECT_GCC_OPTIONS='-mcpu=cortex-m3' '-mthumb' '-mthumb-interwork' '-ffunction-sections' '-fdata-sections' '-g' '-fno-common' '-fmessage-length=0' '-specs=nosys.specs' '-specs=nano.specs' '-std=c++11' '-T' '/Users/robotchef/Desktop/hardware/study/stm32/stm32f103ze/led/STM32F103ZETx_FLASH.ld' '-v' '-o' 'cmTC_40a05' '-mfloat-abi=soft' '-march=armv7-m']
  link line: [ /usr/local/Cellar/arm-none-eabi-gcc/8-2018-q4-major/gcc/bin/../lib/gcc/arm-none-eabi/8.2.1/collect2 -plugin /usr/local/Cellar/arm-none-eabi-gcc/8-2018-q4-major/gcc/bin/../lib/gcc/arm-none-eabi/8.2.1/liblto_plugin.so -plugin-opt=/usr/local/Cellar/arm-none-eabi-gcc/8-2018-q4-major/gcc/bin/../lib/gcc/arm-none-eabi/8.2.1/lto-wrapper -plugin-opt=-fresolution=/var/folders/bt/k0nmbmms42dgbx279pxb0x500000gn/T//ccPmecYU.res -plugin-opt=-pass-through=-lgcc -plugin-opt=-pass-through=-lg_nano -plugin-opt=-pass-through=-lc_nano -plugin-opt=-pass-through=-lgcc -plugin-opt=-pass-through=-lc_nano -plugin-opt=-pass-through=-lnosys -plugin-opt=-pass-through=-lgcc -plugin-opt=-pass-through=-lc_nano -plugin-opt=-pass-through=-lnosys --sysroot=/usr/local/Cellar/arm-none-eabi-gcc/8-2018-q4-major/gcc/bin/../arm-none-eabi -X -o cmTC_40a05 /usr/local/Cellar/arm-none-eabi-gcc/8-2018-q4-major/gcc/bin/../lib/gcc/arm-none-eabi/8.2.1/thumb/v7-m/nofp/crti.o /usr/local/Cellar/arm-none-eabi-gcc/8-2018-q4-major/gcc/bin/../lib/gcc/arm-none-eabi/8.2.1/thumb/v7-m/nofp/crtbegin.o /usr/local/Cellar/arm-none-eabi-gcc/8-2018-q4-major/gcc/bin/../lib/gcc/arm-none-eabi/8.2.1/../../../../arm-none-eabi/lib/thumb/v7-m/nofp/crt0.o -L/usr/local/Cellar/arm-none-eabi-gcc/8-2018-q4-major/gcc/bin/../lib/gcc/arm-none-eabi/8.2.1/thumb/v7-m/nofp -L/usr/local/Cellar/arm-none-eabi-gcc/8-2018-q4-major/gcc/bin/../lib/gcc/arm-none-eabi/8.2.1/../../../../arm-none-eabi/lib/thumb/v7-m/nofp -L/usr/local/Cellar/arm-none-eabi-gcc/8-2018-q4-major/gcc/bin/../arm-none-eabi/lib/thumb/v7-m/nofp -L/usr/local/Cellar/arm-none-eabi-gcc/8-2018-q4-major/gcc/bin/../lib/gcc/arm-none-eabi/8.2.1 -L/usr/local/Cellar/arm-none-eabi-gcc/8-2018-q4-major/gcc/bin/../lib/gcc -L/usr/local/Cellar/arm-none-eabi-gcc/8-2018-q4-major/gcc/bin/../lib/gcc/arm-none-eabi/8.2.1/../../../../arm-none-eabi/lib -L/usr/local/Cellar/arm-none-eabi-gcc/8-2018-q4-major/gcc/bin/../arm-none-eabi/lib -gc-sections --print-memory-usage CMakeFiles/cmTC_40a05.dir/CMakeCXXCompilerABI.cpp.obj -lstdc++_nano -lm --start-group -lgcc -lg_nano -lc_nano --end-group --start-group -lgcc -lc_nano -lnosys --end-group --start-group -lgcc -lc_nano -lnosys --end-group /usr/local/Cellar/arm-none-eabi-gcc/8-2018-q4-major/gcc/bin/../lib/gcc/arm-none-eabi/8.2.1/thumb/v7-m/nofp/crtend.o /usr/local/Cellar/arm-none-eabi-gcc/8-2018-q4-major/gcc/bin/../lib/gcc/arm-none-eabi/8.2.1/thumb/v7-m/nofp/crtn.o -T /Users/robotchef/Desktop/hardware/study/stm32/stm32f103ze/led/STM32F103ZETx_FLASH.ld]
    arg [/usr/local/Cellar/arm-none-eabi-gcc/8-2018-q4-major/gcc/bin/../lib/gcc/arm-none-eabi/8.2.1/collect2] ==> ignore
    arg [-plugin] ==> ignore
    arg [/usr/local/Cellar/arm-none-eabi-gcc/8-2018-q4-major/gcc/bin/../lib/gcc/arm-none-eabi/8.2.1/liblto_plugin.so] ==> ignore
    arg [-plugin-opt=/usr/local/Cellar/arm-none-eabi-gcc/8-2018-q4-major/gcc/bin/../lib/gcc/arm-none-eabi/8.2.1/lto-wrapper] ==> ignore
    arg [-plugin-opt=-fresolution=/var/folders/bt/k0nmbmms42dgbx279pxb0x500000gn/T//ccPmecYU.res] ==> ignore
    arg [-plugin-opt=-pass-through=-lgcc] ==> ignore
    arg [-plugin-opt=-pass-through=-lg_nano] ==> ignore
    arg [-plugin-opt=-pass-through=-lc_nano] ==> ignore
    arg [-plugin-opt=-pass-through=-lgcc] ==> ignore
    arg [-plugin-opt=-pass-through=-lc_nano] ==> ignore
    arg [-plugin-opt=-pass-through=-lnosys] ==> ignore
    arg [-plugin-opt=-pass-through=-lgcc] ==> ignore
    arg [-plugin-opt=-pass-through=-lc_nano] ==> ignore
    arg [-plugin-opt=-pass-through=-lnosys] ==> ignore
    arg [--sysroot=/usr/local/Cellar/arm-none-eabi-gcc/8-2018-q4-major/gcc/bin/../arm-none-eabi] ==> ignore
    arg [-X] ==> ignore
    arg [-o] ==> ignore
    arg [cmTC_40a05] ==> ignore
    arg [/usr/local/Cellar/arm-none-eabi-gcc/8-2018-q4-major/gcc/bin/../lib/gcc/arm-none-eabi/8.2.1/thumb/v7-m/nofp/crti.o] ==> ignore
    arg [/usr/local/Cellar/arm-none-eabi-gcc/8-2018-q4-major/gcc/bin/../lib/gcc/arm-none-eabi/8.2.1/thumb/v7-m/nofp/crtbegin.o] ==> ignore
    arg [/usr/local/Cellar/arm-none-eabi-gcc/8-2018-q4-major/gcc/bin/../lib/gcc/arm-none-eabi/8.2.1/../../../../arm-none-eabi/lib/thumb/v7-m/nofp/crt0.o] ==> ignore
    arg [-L/usr/local/Cellar/arm-none-eabi-gcc/8-2018-q4-major/gcc/bin/../lib/gcc/arm-none-eabi/8.2.1/thumb/v7-m/nofp] ==> dir [/usr/local/Cellar/arm-none-eabi-gcc/8-2018-q4-major/gcc/bin/../lib/gcc/arm-none-eabi/8.2.1/thumb/v7-m/nofp]
    arg [-L/usr/local/Cellar/arm-none-eabi-gcc/8-2018-q4-major/gcc/bin/../lib/gcc/arm-none-eabi/8.2.1/../../../../arm-none-eabi/lib/thumb/v7-m/nofp] ==> dir [/usr/local/Cellar/arm-none-eabi-gcc/8-2018-q4-major/gcc/bin/../lib/gcc/arm-none-eabi/8.2.1/../../../../arm-none-eabi/lib/thumb/v7-m/nofp]
    arg [-L/usr/local/Cellar/arm-none-eabi-gcc/8-2018-q4-major/gcc/bin/../arm-none-eabi/lib/thumb/v7-m/nofp] ==> dir [/usr/local/Cellar/arm-none-eabi-gcc/8-2018-q4-major/gcc/bin/../arm-none-eabi/lib/thumb/v7-m/nofp]
    arg [-L/usr/local/Cellar/arm-none-eabi-gcc/8-2018-q4-major/gcc/bin/../lib/gcc/arm-none-eabi/8.2.1] ==> dir [/usr/local/Cellar/arm-none-eabi-gcc/8-2018-q4-major/gcc/bin/../lib/gcc/arm-none-eabi/8.2.1]
    arg [-L/usr/local/Cellar/arm-none-eabi-gcc/8-2018-q4-major/gcc/bin/../lib/gcc] ==> dir [/usr/local/Cellar/arm-none-eabi-gcc/8-2018-q4-major/gcc/bin/../lib/gcc]
    arg [-L/usr/local/Cellar/arm-none-eabi-gcc/8-2018-q4-major/gcc/bin/../lib/gcc/arm-none-eabi/8.2.1/../../../../arm-none-eabi/lib] ==> dir [/usr/local/Cellar/arm-none-eabi-gcc/8-2018-q4-major/gcc/bin/../lib/gcc/arm-none-eabi/8.2.1/../../../../arm-none-eabi/lib]
    arg [-L/usr/local/Cellar/arm-none-eabi-gcc/8-2018-q4-major/gcc/bin/../arm-none-eabi/lib] ==> dir [/usr/local/Cellar/arm-none-eabi-gcc/8-2018-q4-major/gcc/bin/../arm-none-eabi/lib]
    arg [-gc-sections] ==> ignore
    arg [--print-memory-usage] ==> ignore
    arg [CMakeFiles/cmTC_40a05.dir/CMakeCXXCompilerABI.cpp.obj] ==> ignore
    arg [-lstdc++_nano] ==> lib [stdc++_nano]
    arg [-lm] ==> lib [m]
    arg [--start-group] ==> ignore
    arg [-lgcc] ==> lib [gcc]
    arg [-lg_nano] ==> lib [g_nano]
    arg [-lc_nano] ==> lib [c_nano]
    arg [--end-group] ==> ignore
    arg [--start-group] ==> ignore
    arg [-lgcc] ==> lib [gcc]
    arg [-lc_nano] ==> lib [c_nano]
    arg [-lnosys] ==> lib [nosys]
    arg [--end-group] ==> ignore
    arg [--start-group] ==> ignore
    arg [-lgcc] ==> lib [gcc]
    arg [-lc_nano] ==> lib [c_nano]
    arg [-lnosys] ==> lib [nosys]
    arg [--end-group] ==> ignore
    arg [/usr/local/Cellar/arm-none-eabi-gcc/8-2018-q4-major/gcc/bin/../lib/gcc/arm-none-eabi/8.2.1/thumb/v7-m/nofp/crtend.o] ==> ignore
    arg [/usr/local/Cellar/arm-none-eabi-gcc/8-2018-q4-major/gcc/bin/../lib/gcc/arm-none-eabi/8.2.1/thumb/v7-m/nofp/crtn.o] ==> ignore
    arg [-T] ==> ignore
    arg [/Users/robotchef/Desktop/hardware/study/stm32/stm32f103ze/led/STM32F103ZETx_FLASH.ld] ==> ignore
  collapse library dir [/usr/local/Cellar/arm-none-eabi-gcc/8-2018-q4-major/gcc/bin/../lib/gcc/arm-none-eabi/8.2.1/thumb/v7-m/nofp] ==> [/usr/local/Cellar/arm-none-eabi-gcc/8-2018-q4-major/gcc/lib/gcc/arm-none-eabi/8.2.1/thumb/v7-m/nofp]
  collapse library dir [/usr/local/Cellar/arm-none-eabi-gcc/8-2018-q4-major/gcc/bin/../lib/gcc/arm-none-eabi/8.2.1/../../../../arm-none-eabi/lib/thumb/v7-m/nofp] ==> [/usr/local/Cellar/arm-none-eabi-gcc/8-2018-q4-major/gcc/arm-none-eabi/lib/thumb/v7-m/nofp]
  collapse library dir [/usr/local/Cellar/arm-none-eabi-gcc/8-2018-q4-major/gcc/bin/../arm-none-eabi/lib/thumb/v7-m/nofp] ==> [/usr/local/Cellar/arm-none-eabi-gcc/8-2018-q4-major/gcc/arm-none-eabi/lib/thumb/v7-m/nofp]
  collapse library dir [/usr/local/Cellar/arm-none-eabi-gcc/8-2018-q4-major/gcc/bin/../lib/gcc/arm-none-eabi/8.2.1] ==> [/usr/local/Cellar/arm-none-eabi-gcc/8-2018-q4-major/gcc/lib/gcc/arm-none-eabi/8.2.1]
  collapse library dir [/usr/local/Cellar/arm-none-eabi-gcc/8-2018-q4-major/gcc/bin/../lib/gcc] ==> [/usr/local/Cellar/arm-none-eabi-gcc/8-2018-q4-major/gcc/lib/gcc]
  collapse library dir [/usr/local/Cellar/arm-none-eabi-gcc/8-2018-q4-major/gcc/bin/../lib/gcc/arm-none-eabi/8.2.1/../../../../arm-none-eabi/lib] ==> [/usr/local/Cellar/arm-none-eabi-gcc/8-2018-q4-major/gcc/arm-none-eabi/lib]
  collapse library dir [/usr/local/Cellar/arm-none-eabi-gcc/8-2018-q4-major/gcc/bin/../arm-none-eabi/lib] ==> [/usr/local/Cellar/arm-none-eabi-gcc/8-2018-q4-major/gcc/arm-none-eabi/lib]
  implicit libs: [stdc++_nano;m;gcc;g_nano;c_nano;gcc;c_nano;nosys;gcc;c_nano;nosys]
  implicit dirs: [/usr/local/Cellar/arm-none-eabi-gcc/8-2018-q4-major/gcc/lib/gcc/arm-none-eabi/8.2.1/thumb/v7-m/nofp;/usr/local/Cellar/arm-none-eabi-gcc/8-2018-q4-major/gcc/arm-none-eabi/lib/thumb/v7-m/nofp;/usr/local/Cellar/arm-none-eabi-gcc/8-2018-q4-major/gcc/lib/gcc/arm-none-eabi/8.2.1;/usr/local/Cellar/arm-none-eabi-gcc/8-2018-q4-major/gcc/lib/gcc;/usr/local/Cellar/arm-none-eabi-gcc/8-2018-q4-major/gcc/arm-none-eabi/lib]
  implicit fwks: []


